TN:
SF:/home/tbrock/Code/mongo-cxx-driver/src/mongo/base/global_initializer.cpp
FN:22,_ZN5mongo20getGlobalInitializerEv
FN:32,_Z41__static_initialization_and_destruction_0ii
FN:36,_GLOBAL__sub_I_global_initializer.cpp
FNDA:421,_ZN5mongo20getGlobalInitializerEv
FNDA:28,_GLOBAL__sub_I_global_initializer.cpp
FNDA:28,_Z41__static_initialization_and_destruction_0ii
FNF:3
FNH:3
DA:22,421
DA:23,421
DA:24,421
DA:32,28
DA:36,84
LF:5
LH:5
end_of_record
TN:
SF:/home/tbrock/Code/mongo-cxx-driver/src/mongo/base/global_initializer_registerer.cpp
FN:26,_ZN5mongo27GlobalInitializerRegistererC2ERKSsRKN5boost8functionIFNS_6StatusEPNS_18InitializerContextEEEERKSt6vectorISsSaISsEESG_
FN:43,_GLOBAL__sub_I_global_initializer_registerer.cpp
FN:43,_Z41__static_initialization_and_destruction_0ii
FNDA:365,_ZN5mongo27GlobalInitializerRegistererC2ERKSsRKN5boost8functionIFNS_6StatusEPNS_18InitializerContextEEEERKSt6vectorISsSaISsEESG_
FNDA:28,_GLOBAL__sub_I_global_initializer_registerer.cpp
FNDA:28,_Z41__static_initialization_and_destruction_0ii
FNF:3
FNH:3
DA:26,365
DA:32,365
DA:33,365
DA:36,730
DA:37,0
DA:38,0
DA:39,0
DA:41,365
DA:43,84
LF:9
LH:6
end_of_record
TN:
SF:/home/tbrock/Code/mongo-cxx-driver/src/mongo/base/init.cpp
FN:18,_Z41__static_initialization_and_destruction_0ii
FN:18,_Z33_mongoInitializerFunction_defaultPN5mongo18InitializerContextE
FN:20,_ZN5mongo41_mongoInitializerFunctionAssure_base_initEv
FN:20,_GLOBAL__sub_I_init.cpp
FNDA:28,_Z41__static_initialization_and_destruction_0ii
FNDA:0,_ZN5mongo41_mongoInitializerFunctionAssure_base_initEv
FNDA:28,_GLOBAL__sub_I_init.cpp
FNDA:28,_Z33_mongoInitializerFunction_defaultPN5mongo18InitializerContextE
FNF:4
FNH:3
DA:18,168
DA:20,84
LF:2
LH:2
end_of_record
TN:
SF:/home/tbrock/Code/mongo-cxx-driver/src/mongo/base/initializer.cpp
FN:24,_ZN5mongo11InitializerC2Ev
FN:25,_ZN5mongo11InitializerD2Ev
FN:79,_ZN5mongo21runGlobalInitializersERKSt6vectorISsSaISsEERKSt3mapISsSsSt4lessISsESaISt4pairIKSsSsEEE
FN:103,_ZN5mongo26runGlobalInitializersOrDieEiPKPKcS3_
FN:111,_Z41__static_initialization_and_destruction_0ii
FN:111,_GLOBAL__sub_I_initializer.cpp
FNDA:28,_Z41__static_initialization_and_destruction_0ii
FNDA:28,_GLOBAL__sub_I_initializer.cpp
FNDA:27,_ZN5mongo11InitializerD2Ev
FNDA:28,_ZN5mongo11InitializerC2Ev
FNDA:28,_ZN5mongo21runGlobalInitializersEiPKPKcS3_
FNDA:28,_ZNK5mongo11Initializer7executeERKSt6vectorISsSaISsEERKSt3mapISsSsSt4lessISsESaISt4pairIKSsSsEEE
FNDA:28,_ZN5mongo21runGlobalInitializersERKSt6vectorISsSaISsEERKSt3mapISsSsSt4lessISsESaISt4pairIKSsSsEEE
FNDA:0,_ZN5mongo26runGlobalInitializersOrDieEiPKPKcS3_
FNF:8
FNH:7
DA:24,28
DA:25,27
DA:50,28
DA:54,28
DA:55,56
DA:58,56
DA:60,758
DA:61,730
DA:62,365
DA:64,0
DA:65,0
DA:68,730
DA:73,730
DA:76,28
DA:79,28
DA:81,28
DA:84,28
DA:85,56
DA:86,28
DA:90,28
DA:91,0
DA:92,0
DA:93,0
DA:94,0
DA:96,0
DA:100,56
DA:103,0
DA:104,0
DA:105,0
DA:106,0
DA:107,0
DA:109,0
DA:111,84
LF:33
LH:20
end_of_record
TN:
SF:/home/tbrock/Code/mongo-cxx-driver/src/mongo/base/initializer_context.cpp
FN:20,_ZN5mongo18InitializerContextC2ERKSt6vectorISsSaISsEERKSt3mapISsSsSt4lessISsESaISt4pairIKSsSsEEE
FNDA:28,_ZN5mongo18InitializerContextC2ERKSt6vectorISsSaISsEERKSt3mapISsSsSt4lessISsESaISt4pairIKSsSsEEE
FNF:1
FNH:1
DA:20,28
DA:22,56
LF:2
LH:2
end_of_record
TN:
SF:/home/tbrock/Code/mongo-cxx-driver/src/mongo/base/initializer_context.h
FN:31,_ZN5mongo18InitializerContextD2Ev
FNDA:28,_ZN5mongo18InitializerContextD2Ev
FNF:1
FNH:1
DA:31,56
LF:1
LH:1
end_of_record
TN:
SF:/home/tbrock/Code/mongo-cxx-driver/src/mongo/base/initializer_dependency_graph.cpp
FN:24,_ZN5mongo26InitializerDependencyGraphC2Ev
FN:25,_ZN5mongo26InitializerDependencyGraphD2Ev
FN:27,_ZN5mongo26InitializerDependencyGraph14addInitializerERKSsRKN5boost8functionIFNS_6StatusEPNS_18InitializerContextEEEERKSt6vectorISsSaISsEESG_
FN:52,_ZNK5mongo26InitializerDependencyGraph22getInitializerFunctionERKSs
FN:61,_ZNK5mongo26InitializerDependencyGraph7topSortEPSt6vectorISsSaISsEE
FN:91,_ZN5mongo26InitializerDependencyGraph16recursiveTopSortERKNSt3tr113unordered_mapISsNS0_8NodeDataENS1_4hashISsEESt8equal_toISsESaISt4pairIKSsS3_EEEERKSA_PSt6vectorISsSaISsEEPNS1_13unordered_setISsS5_S7_SI_EESK_
FN:154,_Z41__static_initialization_and_destruction_0ii
FN:154,_GLOBAL__sub_I_initializer_dependency_graph.cpp
FNDA:365,_ZN5mongo26InitializerDependencyGraph14addInitializerERKSsRKN5boost8functionIFNS_6StatusEPNS_18InitializerContextEEEERKSt6vectorISsSaISsEESG_
FNDA:28,_ZNK5mongo26InitializerDependencyGraph7topSortEPSt6vectorISsSaISsEE
FNDA:28,_Z41__static_initialization_and_destruction_0ii
FNDA:730,_ZN5mongo26InitializerDependencyGraph16recursiveTopSortERKNSt3tr113unordered_mapISsNS0_8NodeDataENS1_4hashISsEESt8equal_toISsESaISt4pairIKSsS3_EEEERKSA_PSt6vectorISsSaISsEEPNS1_13unordered_setISsS5_S7_SI_EESK_
FNDA:28,_ZN5mongo26InitializerDependencyGraphC2Ev
FNDA:365,_ZNK5mongo26InitializerDependencyGraph22getInitializerFunctionERKSs
FNDA:28,_GLOBAL__sub_I_initializer_dependency_graph.cpp
FNDA:27,_ZN5mongo26InitializerDependencyGraphD2Ev
FNF:8
FNH:8
DA:24,56
DA:25,54
DA:27,365
DA:29,1292
DA:30,898
DA:31,730
DA:32,0
DA:34,365
DA:35,730
DA:36,0
DA:39,365
DA:41,2584
DA:42,843
DA:45,1431
DA:46,252
DA:52,365
DA:55,1095
DA:56,1460
DA:58,730
DA:61,28
DA:74,28
DA:76,28
DA:77,477
DA:81,365
DA:84,365
DA:85,730
DA:88,28
DA:91,730
DA:96,0
DA:109,730
DA:112,730
DA:113,0
DA:115,365
DA:118,730
DA:119,1095
DA:120,0
DA:122,0
DA:123,0
DA:124,0
DA:125,0
DA:126,0
DA:129,730
DA:130,1095
DA:131,1095
DA:134,1095
DA:135,1460
DA:136,0
DA:139,365
DA:142,365
DA:143,730
DA:146,365
DA:147,1095
DA:148,0
DA:149,365
DA:150,730
DA:154,84
LF:56
LH:44
end_of_record
TN:
SF:/home/tbrock/Code/mongo-cxx-driver/src/mongo/base/initializer_dependency_graph.h
FN:92,_ZN5mongo26InitializerDependencyGraph8NodeDataC2Ev
FN:92,_ZN5mongo26InitializerDependencyGraph8NodeDataC2ERKS1_
FNDA:365,_ZN5mongo26InitializerDependencyGraph8NodeDataC2Ev
FNDA:1095,_ZN5mongo26InitializerDependencyGraph8NodeDataC2ERKS1_
FNF:2
FNH:2
DA:92,7272
LF:1
LH:1
end_of_record
TN:
SF:/home/tbrock/Code/mongo-cxx-driver/src/mongo/base/make_string_vector.cpp
FN:24,_ZN5mongo17_makeStringVectorEiz
FN:35,_Z41__static_initialization_and_destruction_0ii
FN:35,_GLOBAL__sub_I_make_string_vector.cpp
FNDA:28,_Z41__static_initialization_and_destruction_0ii
FNDA:28,_GLOBAL__sub_I_make_string_vector.cpp
FNDA:730,_ZN5mongo17_makeStringVectorEiz
FNF:3
FNH:3
DA:24,730
DA:26,730
DA:28,730
DA:29,1825
DA:30,730
DA:31,730
DA:32,730
DA:35,84
LF:8
LH:8
end_of_record
TN:
SF:/home/tbrock/Code/mongo-cxx-driver/src/mongo/base/owned_pointer_vector.h
FN:63,_ZN5mongo18OwnedPointerVectorISt19basic_ostringstreamIcSt11char_traitsIcESaIcEEED2Ev
FN:68,_ZN5mongo18OwnedPointerVectorISt19basic_ostringstreamIcSt11char_traitsIcESaIcEEE5clearEv
FNDA:10,_ZN5mongo18OwnedPointerVectorISt19basic_ostringstreamIcSt11char_traitsIcESaIcEEED2Ev
FNDA:10,_ZN5mongo18OwnedPointerVectorISt19basic_ostringstreamIcSt11char_traitsIcESaIcEEE5clearEv
FNF:2
FNH:2
DA:59,10
DA:63,10
DA:64,10
DA:65,20
DA:68,10
DA:69,80
DA:70,10
DA:72,10
DA:73,10
LF:9
LH:9
end_of_record
TN:
SF:/home/tbrock/Code/mongo-cxx-driver/src/mongo/base/parse_number.cpp
FNDA:730,_ZN5mongo29parseNumberFromStringWithBaseIiEENS_6StatusERKNS_10StringDataEiPT_
FNDA:120,_ZN5mongo29parseNumberFromStringWithBaseIjEENS_6StatusERKNS_10StringDataEiPT_
FNDA:123,_ZN5mongo29parseNumberFromStringWithBaseIlEENS_6StatusERKNS_10StringDataEiPT_
FNDA:122,_ZN5mongo29parseNumberFromStringWithBaseIsEENS_6StatusERKNS_10StringDataEiPT_
FNDA:261,_ZN5mongo29parseNumberFromStringWithBaseIhEENS_6StatusERKNS_10StringDataEiPT_
FNDA:120,_ZN5mongo29parseNumberFromStringWithBaseImEENS_6StatusERKNS_10StringDataEiPT_
FNDA:262,_ZN5mongo29parseNumberFromStringWithBaseIaEENS_6StatusERKNS_10StringDataEiPT_
FNDA:53,_ZN5mongo29parseNumberFromStringWithBaseIdEENS_6StatusERKNS_10StringDataEiPT_
FNDA:120,_ZN5mongo29parseNumberFromStringWithBaseItEENS_6StatusERKNS_10StringDataEiPT_
FNDA:79,_ZN5mongo29parseNumberFromStringWithBaseIxEENS_6StatusERKNS_10StringDataEiPT_
FNDA:1913,_ZN5mongoL12_extractSignERKNS_10StringDataEPb
FNDA:60,_ZN5mongo29parseNumberFromStringWithBaseIyEENS_6StatusERKNS_10StringDataEiPT_
FNDA:1913,_ZN5mongoL12_extractBaseERKNS_10StringDataEiPi
FNF:13
FNH:13
DA:36,4298
DA:38,469
DA:39,231
DA:40,238
DA:41,70
DA:50,3812
DA:51,1913
DA:52,14
DA:53,14
DA:57,3798
DA:59,353
DA:60,353
DA:61,353
DA:63,149
DA:64,149
DA:65,149
DA:67,1397
DA:68,1397
DA:69,1397
DA:72,1899
DA:73,502
DA:74,1397
DA:86,1913
DA:87,831
DA:91,1913
DA:92,1614
DA:93,491
DA:94,56
DA:95,56
DA:97,2729
DA:98,98
DA:99,98
DA:101,969
DA:102,969
DA:105,790
DA:106,846
DA:107,56
DA:108,84
DA:110,706
DA:115,1997
DA:120,1997
DA:121,84
DA:123,1913
DA:124,1913
DA:126,1913
DA:127,126
DA:129,1787
DA:130,1787
DA:132,1674
DA:133,1554
DA:134,777
DA:135,49
DA:141,728
DA:145,10
DA:148,718
DA:149,718
DA:153,73
DA:157,7752
DA:158,7042
DA:159,3521
DA:160,364
DA:161,3157
DA:164,19
DA:167,3138
DA:168,3138
DA:171,1272
DA:211,100
DA:214,53
DA:216,5
DA:218,48
DA:219,1
DA:221,94
DA:222,5
DA:224,42
DA:225,42
DA:227,42
DA:228,42
DA:229,42
DA:230,42
DA:250,24
DA:252,18
DA:253,4
DA:254,14
LF:83
LH:83
end_of_record
TN:
SF:/home/tbrock/Code/mongo-cxx-driver/src/mongo/base/parse_number.h
FNF:0
FNH:0
DA:50,1171
LF:1
LH:1
end_of_record
TN:
SF:/home/tbrock/Code/mongo-cxx-driver/src/mongo/base/status-inl.h
FN:73,_ZN5mongo6Status5unrefEPNS0_9ErrorInfoE
FNDA:13355812,_ZN5mongo6Status5unrefEPNS0_9ErrorInfoE
FNF:1
FNH:1
DA:25,8376
DA:26,8376
DA:30,3634251
DA:31,3634251
DA:32,3634251
DA:37,9719222
DA:41,5372
DA:45,6694822
DA:49,109
DA:53,206
DA:57,21266
DA:65,9705366
DA:69,3650444
DA:70,18754
DA:73,13355812
DA:74,13374566
DA:75,15636
DA:76,13355812
DA:79,749
LF:19
LH:19
end_of_record
TN:
SF:/home/tbrock/Code/mongo-cxx-driver/src/mongo/base/status.cpp
FN:23,_ZN5mongo6Status9ErrorInfoC2ENS_10ErrorCodes5ErrorERKNS_10StringDataEi
FN:27,_ZN5mongo6Status9ErrorInfo6createENS_10ErrorCodes5ErrorERKNS_10StringDataEi
FN:39,_ZN5mongo6StatusC2ENS_10ErrorCodes5ErrorEPKci
FN:44,_ZNK5mongo6Status7compareERKS0_
FN:50,_ZNK5mongo6StatuseqERKS0_
FN:54,_ZNK5mongo6StatusneERKS0_
FN:58,_ZNK5mongo6Status11compareCodeENS_10ErrorCodes5ErrorE
FN:62,_ZNK5mongo6StatuseqENS_10ErrorCodes5ErrorE
FN:66,_ZNK5mongo6StatusneENS_10ErrorCodes5ErrorE
FNDA:7022,_ZN5mongo6StatusC2ENS_10ErrorCodes5ErrorERKSsi
FNDA:11773,_ZNK5mongo6StatusneERKS0_
FNDA:2572,_ZNK5mongo6StatuseqERKS0_
FNDA:796,_ZN5mongo6StatusC2ENS_10ErrorCodes5ErrorEPKci
FNDA:0,_ZN5mongolsERSoRKNS_6StatusE
FNDA:0,_ZNK5mongo6StatusneENS_10ErrorCodes5ErrorE
FNDA:7818,_ZN5mongo6Status9ErrorInfoC2ENS_10ErrorCodes5ErrorERKNS_10StringDataEi
FNDA:14345,_ZNK5mongo6Status7compareERKS0_
FNDA:766,_ZNK5mongo6Status11compareCodeENS_10ErrorCodes5ErrorE
FNDA:0,_ZNK5mongo6Status8toStringEv
FNDA:109,_ZN5mongolsERSoNS_10ErrorCodes5ErrorE
FNDA:7818,_ZN5mongo6Status9ErrorInfo6createENS_10ErrorCodes5ErrorERKNS_10StringDataEi
FNDA:766,_ZNK5mongo6StatuseqENS_10ErrorCodes5ErrorE
FNF:13
FNH:10
DA:23,7818
DA:24,15636
DA:25,7818
DA:27,7818
DA:28,0
DA:29,7818
DA:30,7818
DA:31,7818
DA:34,7022
DA:35,7022
DA:36,7022
DA:37,7022
DA:39,796
DA:40,796
DA:41,796
DA:42,796
DA:44,14345
DA:46,39323
DA:47,24978
DA:50,2572
DA:51,2572
DA:54,11773
DA:55,11773
DA:58,766
DA:59,766
DA:62,766
DA:63,766
DA:66,0
DA:67,0
DA:70,0
DA:71,0
DA:74,109
DA:75,327
DA:78,0
DA:79,0
DA:80,0
DA:81,0
DA:82,0
DA:83,0
DA:84,0
DA:85,0
LF:41
LH:28
end_of_record
TN:
SF:/home/tbrock/Code/mongo-cxx-driver/src/mongo/base/status.h
FNF:0
FNH:0
DA:109,7818
LF:1
LH:1
end_of_record
TN:
SF:/home/tbrock/Code/mongo-cxx-driver/src/mongo/base/status_with.h
FNF:0
FNH:0
DA:43,137
DA:49,92
DA:56,0
DA:64,27
DA:70,8
LF:5
LH:4
end_of_record
TN:
SF:/home/tbrock/Code/mongo-cxx-driver/src/mongo/base/string_data-inl.h
FN:24,_ZNK5mongo10StringData7compareERKS0_
FN:58,_ZNK5mongo10StringData6copyToEPcb
FN:64,_ZNK5mongo10StringData4findEcm
FN:105,_ZNK5mongo10StringData6substrEmm
FN:121,_ZNK5mongo10StringData8endsWithERKS0_
FNDA:254,_ZNK5mongo10StringData8endsWithERKS0_
FNDA:36405397,_ZNK5mongo10StringData6copyToEPcb
FNDA:4273,_ZNK5mongo10StringData4findEcm
FNDA:1192,_ZNK5mongo10StringData10startsWithERKS0_
FNDA:3041,_ZNK5mongo10StringData6substrEmm
FNDA:11825,_ZNK5mongo10StringData7compareERKS0_
FNF:6
FNH:6
DA:24,11825
DA:29,23650
DA:30,11825
DA:31,9116
DA:33,2709
DA:37,47
DA:58,36405397
DA:59,36405397
DA:60,36405397
DA:61,33746296
DA:62,36405397
DA:64,4273
DA:65,4273
DA:68,7948
DA:69,3974
DA:71,1890
DA:105,3041
DA:106,3041
DA:107,0
DA:110,3041
DA:111,910
DA:113,3041
DA:116,1192
DA:118,2384
DA:121,254
DA:123,254
DA:124,254
DA:125,254
DA:127,508
LF:29
LH:28
end_of_record
TN:
SF:/home/tbrock/Code/mongo-cxx-driver/src/mongo/base/string_data.cpp
FN:36,_ZN5mongo12_GLOBAL__N_17murmur3ILi8EEEmRKNS_10StringDataE
FN:44,_ZN5mongolsERSoRKNS_10StringDataE
FN:48,_ZNK5mongo10StringData6HasherclERKS0_
FNDA:80,_ZNK5mongo10StringData6HasherclERKS0_
FNDA:408,_ZN5mongolsERSoRKNS_10StringDataE
FNDA:80,_ZN5mongo12_GLOBAL__N_17murmur3ILi8EEEmRKNS_10StringDataE
FNF:3
FNH:3
DA:36,160
DA:38,160
DA:39,80
DA:44,816
DA:45,816
DA:48,80
DA:49,80
LF:7
LH:7
end_of_record
TN:
SF:/home/tbrock/Code/mongo-cxx-driver/src/mongo/base/string_data.h
FN:122,_ZNK5mongo10StringData8toStringEv
FNDA:8103,_ZNK5mongo10StringData8toStringEv
FNF:1
FNH:1
DA:46,2437595
DA:53,35924629
DA:61,2424382
DA:65,1332020
DA:74,2169
DA:122,106763888
DA:124,16206
DA:125,175499
DA:142,471
DA:143,3260
DA:150,106787657
DA:151,35924451
DA:157,11659
DA:161,166
LF:14
LH:14
end_of_record
TN:
SF:/home/tbrock/Code/mongo-cxx-driver/src/mongo/bson/bson-inl.h
FN:37,_ZN5mongo20compareElementValuesERKNS_11BSONElementES2_
FN:153,_ZNK5mongo11BSONElement9woCompareERKS0_b
FN:173,_ZNK5mongo11BSONElement23embeddedObjectUserCheckEv
FN:182,_ZNK5mongo11BSONElement14embeddedObjectEv
FN:187,_ZNK5mongo11BSONElement16codeWScopeObjectEv
FN:194,_ZNK5mongo7BSONObj5equalERKS0_
FN:208,_ZNK5mongo7BSONObj14_assertInvalidEv
FN:225,_ZNK5mongo7BSONObj4copyEv
FN:232,_ZNK5mongo7BSONObj8getOwnedEv
FN:265,_ZNK5mongo7BSONObj8getFieldERKNS_10StringDataE
FN:275,_ZNK5mongo7BSONObj11getIntFieldERKNS_10StringDataE
FN:280,_ZNK5mongo7BSONObj12getBoolFieldERKNS_10StringDataE
FN:285,_ZNK5mongo7BSONObj14getStringFieldERKNS_10StringDataE
FN:291,_ZN5mongo14BSONObjBuilder14appendElementsENS_7BSONObjE
FN:338,_ZN5mongo25BSONObjBuilderValueStreamlsINS_9BSONArrayEEERNS_14BSONObjBuilderET_
FN:338,_ZN5mongo25BSONObjBuilderValueStreamlsINS_6OpTimeEEERNS_14BSONObjBuilderET_
FN:338,_ZN5mongo25BSONObjBuilderValueStreamlsISsEERNS_14BSONObjBuilderET_
FN:338,_ZN5mongo25BSONObjBuilderValueStreamlsINS_7BSONObjEEERNS_14BSONObjBuilderET_
FN:366,_ZN5mongo25BSONObjBuilderValueStream8endFieldERKNS_10StringDataE
FN:375,_ZN5mongo25BSONObjBuilderValueStream6subobjEv
FN:382,_ZN5mongo7LabelerlsIdEERNS_14BSONObjBuilderET_
FN:382,_ZN5mongo7LabelerlsIPKcEERNS_14BSONObjBuilderET_
FN:382,_ZN5mongo7LabelerlsIiEERNS_14BSONObjBuilderET_
FN:395,_ZN5mongo13nested2dottedERKNS_7BSONObjE
FN:403,_ZN5mongo13dotted2nestedERKNS_7BSONObjE
FN:429,_ZN5mongo8bson2mapERKNS_7BSONObjE
FN:454,_ZNK5mongo7BSONObj8toStringEbb
FN:460,_ZNK5mongo7BSONObj8toStringERNS_17StringBuilderImplINS_16TrivialAllocatorEEEbbi
FN:491,_ZNK5mongo11BSONElement4sizeEi
FN:573,_ZNK5mongo11BSONElement4sizeEv
FN:639,_ZNK5mongo11BSONElement8toStringEbb
FN:644,_ZNK5mongo11BSONElement8toStringERNS_17StringBuilderImplINS_16TrivialAllocatorEEEbbi
FN:759,_ZNK5mongo7BSONObj14getFieldDottedERKNS_10StringDataE
FN:774,_ZNK5mongo7BSONObj14getObjectFieldERKNS_10StringDataE
FN:780,_ZNK5mongo7BSONObj7nFieldsEv
FN:801,_ZNK5mongo11BSONElementixERKSs
FN:864,_ZN5mongolsERSoRKNS_7BSONObjE
FN:868,_ZN5mongolsERSoRKNS_11BSONElementE
FN:885,_ZNK5mongo9BSONFieldIiE5queryEPKcRKi
FN:892,_ZN5mongo6escapeERKSsb
FN:934,_ZNK5mongo7BSONObj7hexDumpEv
FNDA:2,_ZN5mongo25BSONObjBuilderValueStreamlsINS_6OpTimeEEERNS_14BSONObjBuilderET_
FNDA:0,_ZN5mongolsERSoRKNS_11BSONElementE
FNDA:6,_ZNK5mongo7BSONObj14getStringFieldERKNS_10StringDataE
FNDA:100006,_ZNK5mongo7BSONObj8toStringEbb
FNDA:4,_ZN5mongo8bson2mapERKNS_7BSONObjE
FNDA:52,_ZNK5mongo11BSONElementixERKSs
FNDA:182,_ZNK5mongo7BSONObj8getOwnedEv
FNDA:5212,_ZNK5mongo7BSONObj4copyEv
FNDA:0,_ZNK5mongo7BSONObj12getBoolFieldERKNS_10StringDataE
FNDA:366,_ZNK5mongo11BSONElement23embeddedObjectUserCheckEv
FNDA:479,_ZNK5mongo7BSONObj14getObjectFieldERKNS_10StringDataE
FNDA:26,_ZNK5mongo7BSONObj14getFieldDottedERKNS_10StringDataE
FNDA:2614,_ZN5mongo20compareElementValuesERKNS_11BSONElementES2_
FNDA:0,_ZNK5mongo7BSONObj7hexDumpEv
FNDA:400742,_ZNK5mongo11BSONElement4sizeEi
FNDA:2,_ZNK5mongo11BSONElement16codeWScopeObjectEv
FNDA:53,_ZN5mongo25BSONObjBuilderValueStreamlsINS_9BSONArrayEEERNS_14BSONObjBuilderET_
FNDA:1,_ZNK5mongo7BSONObj14_assertInvalidEv
FNDA:919846,_ZN5mongo6escapeERKSsb
FNDA:4,_ZN5mongo13nested2dottedERKNS_7BSONObjE
FNDA:2838,_ZNK5mongo7BSONObj8getFieldERKNS_10StringDataE
FNDA:11,_ZN5mongo7LabelerlsIiEERNS_14BSONObjBuilderET_
FNDA:9,_ZNK5mongo11BSONElement8toStringEbb
FNDA:4,_ZN5mongo13dotted2nestedERKNS_7BSONObjE
FNDA:2706,_ZNK5mongo11BSONElement9woCompareERKS0_b
FNDA:2631162,_ZNK5mongo11BSONElement4sizeEv
FNDA:2,_ZNK5mongo9BSONFieldIiE5queryEPKcRKi
FNDA:107,_ZN5mongo25BSONObjBuilderValueStreamlsINS_7BSONObjEEERNS_14BSONObjBuilderET_
FNDA:186977,_ZNK5mongo11BSONElement14embeddedObjectEv
FNDA:6,_ZN5mongo7LabelerlsIPKcEERNS_14BSONObjBuilderET_
FNDA:1,_ZNK5mongo7BSONObj11getIntFieldERKNS_10StringDataE
FNDA:79,_ZN5mongo25BSONObjBuilderValueStreamlsISsEERNS_14BSONObjBuilderET_
FNDA:10058,_ZNK5mongo7BSONObj7nFieldsEv
FNDA:36,_ZNK5mongo7BSONObj5equalERKS0_
FNDA:18633,_ZN5mongo25BSONObjBuilderValueStream8endFieldERKNS_10StringDataE
FNDA:0,_ZN5mongolsERSoRKNS_7BSONObjE
FNDA:300440,_ZNK5mongo11BSONElement8toStringERNS_17StringBuilderImplINS_16TrivialAllocatorEEEbbi
FNDA:32,_ZN5mongo14BSONObjBuilder14appendElementsENS_7BSONObjE
FNDA:2,_ZN5mongo7LabelerlsIdEERNS_14BSONObjBuilderET_
FNDA:30,_ZN5mongo25BSONObjBuilderValueStream6subobjEv
FNDA:100418,_ZNK5mongo7BSONObj8toStringERNS_17StringBuilderImplINS_16TrivialAllocatorEEEbbi
FNF:41
FNH:37
DA:37,2858
DA:40,5228
DA:46,48
DA:47,24
DA:48,24
DA:50,50
DA:53,40
DA:55,38
DA:58,45
DA:59,45
DA:60,45
DA:62,45
DA:65,60
DA:66,30
DA:67,30
DA:68,30
DA:69,30
DA:70,0
DA:74,428
DA:75,205
DA:76,205
DA:77,205
DA:78,191
DA:84,54
DA:85,54
DA:86,54
DA:88,51
DA:90,13
DA:91,6
DA:95,68
DA:102,1834
DA:103,1834
DA:104,1834
DA:105,5502
DA:106,1834
DA:109,247
DA:113,1048
DA:115,2
DA:116,2
DA:117,2
DA:118,6
DA:121,44
DA:122,44
DA:123,44
DA:124,132
DA:127,33
DA:128,33
DA:130,33
DA:133,4
DA:134,2
DA:136,2
DA:137,2
DA:139,2
DA:140,2
DA:141,0
DA:145,0
DA:153,2706
DA:155,2706
DA:156,2706
DA:157,2706
DA:158,2794
DA:160,2619
DA:161,5160
DA:162,2580
DA:165,2614
DA:166,2614
DA:173,366
DA:174,366
DA:175,366
DA:176,0
DA:177,0
DA:178,0
DA:182,186977
DA:183,186977
DA:184,373954
DA:187,2
DA:188,4
DA:189,2
DA:190,4
DA:194,36
DA:198,62
DA:200,92
DA:201,92
DA:202,92
DA:203,30
DA:208,1
DA:210,1
DA:211,9
DA:212,4
DA:213,4
DA:215,1
DA:216,4
DA:219,3
DA:225,5212
DA:226,5212
DA:228,5212
DA:229,5212
DA:232,182
DA:233,182
DA:234,158
DA:235,24
DA:265,2838
DA:267,10856
DA:268,10147
DA:269,20294
DA:270,2129
DA:272,709
DA:275,1
DA:276,1
DA:277,2
DA:280,0
DA:281,0
DA:282,0
DA:285,6
DA:286,6
DA:287,15
DA:291,32
DA:292,32
DA:294,30
DA:295,60
DA:296,32
DA:320,200043
DA:321,199986
DA:333,13286
DA:334,6643
DA:338,241
DA:339,12211
DA:340,12049
DA:341,1869
DA:345,17
DA:346,17
DA:347,3
DA:366,18633
DA:367,18633
DA:368,11
DA:369,22
DA:370,11
DA:372,18633
DA:373,18633
DA:375,30
DA:376,30
DA:377,11
DA:378,60
DA:382,19
DA:383,38
DA:384,19
DA:395,4
DA:396,4
DA:397,8
DA:398,4
DA:403,4
DA:404,4
DA:405,4
DA:406,4
DA:410,4
DA:411,4
DA:429,4
DA:432,14
DA:433,10
DA:434,20
DA:436,4
DA:454,100006
DA:455,100006
DA:457,100006
DA:458,100006
DA:460,501160
DA:461,100418
DA:462,4
DA:463,100318
DA:466,200832
DA:470,400742
DA:471,400742
DA:472,400742
DA:473,400742
DA:474,801484
DA:475,801484
DA:476,400742
DA:477,801484
DA:478,400742
DA:479,100314
DA:480,100314
DA:482,300428
DA:485,200012
DA:486,300428
DA:488,500954
DA:491,701170
DA:492,400742
DA:495,300428
DA:497,300428
DA:498,600856
DA:506,0
DA:507,0
DA:509,100007
DA:510,100007
DA:515,4
DA:516,4
DA:518,0
DA:519,0
DA:523,200009
DA:524,200009
DA:525,200009
DA:527,0
DA:528,0
DA:529,0
DA:532,0
DA:533,0
DA:534,0
DA:537,408
DA:538,408
DA:539,408
DA:541,0
DA:542,0
DA:543,0
DA:545,0
DA:546,0
DA:548,0
DA:550,0
DA:551,0
DA:553,0
DA:554,0
DA:555,0
DA:558,0
DA:560,0
DA:563,0
DA:564,0
DA:565,0
DA:568,300428
DA:570,300428
DA:573,3461653
DA:574,2631162
DA:577,830491
DA:578,1660982
DA:586,3586
DA:587,3586
DA:589,263334
DA:590,263334
DA:595,738
DA:596,738
DA:598,189
DA:599,189
DA:603,375809
DA:604,375809
DA:606,13
DA:607,13
DA:611,186399
DA:612,186399
DA:614,129
DA:615,129
DA:618,113
DA:619,113
DA:620,113
DA:622,113
DA:623,113
DA:625,113
DA:629,0
DA:630,0
DA:631,0
DA:634,830491
DA:636,830491
DA:639,9
DA:641,9
DA:642,18
DA:644,901304
DA:646,300440
DA:648,2
DA:650,2
DA:652,4
DA:654,1
DA:655,300339
DA:658,901290
DA:659,901278
DA:660,600876
DA:662,0
DA:663,0
DA:665,0
DA:666,0
DA:668,0
DA:669,0
DA:670,0
DA:674,11
DA:675,11
DA:677,1
DA:680,100010
DA:683,0
DA:684,0
DA:686,808
DA:687,303
DA:689,8
DA:690,4
DA:692,0
DA:693,0
DA:695,0
DA:696,0
DA:698,0
DA:699,0
DA:701,0
DA:702,0
DA:704,0
DA:705,0
DA:706,0
DA:708,2
DA:709,0
DA:710,0
DA:713,2
DA:718,200007
DA:719,400014
DA:720,0
DA:721,0
DA:724,400014
DA:725,200007
DA:729,0
DA:731,0
DA:732,0
DA:734,0
DA:736,0
DA:737,0
DA:738,0
DA:740,0
DA:741,0
DA:743,0
DA:744,0
DA:748,0
DA:749,0
DA:751,0
DA:752,0
DA:759,26
DA:760,26
DA:761,26
DA:762,17
DA:763,17
DA:764,14
DA:765,14
DA:766,14
DA:767,20
DA:771,12
DA:774,479
DA:775,479
DA:776,958
DA:777,958
DA:780,10058
DA:781,10058
DA:783,50132
DA:784,50132
DA:785,50132
DA:787,40074
DA:789,10058
DA:792,4292
DA:798,4293
DA:801,357
DA:803,52
DA:805,104
DA:864,0
DA:865,0
DA:868,0
DA:869,0
DA:873,0
DA:877,3
DA:885,2
DA:886,2
DA:887,4
DA:888,4
DA:892,919846
DA:894,7240992
DA:895,2240727
DA:897,41
DA:898,41
DA:900,6
DA:901,6
DA:903,14
DA:904,7
DA:906,7
DA:907,7
DA:909,4
DA:910,4
DA:912,7
DA:913,7
DA:915,4
DA:916,4
DA:918,8
DA:919,8
DA:921,2240643
DA:923,14
DA:924,56
DA:927,2240629
DA:931,1839692
DA:934,0
DA:935,0
DA:936,0
DA:937,0
DA:938,0
DA:939,0
DA:941,0
DA:942,0
DA:943,0
DA:944,0
DA:947,0
LF:396
LH:303
end_of_record
TN:
SF:/home/tbrock/Code/mongo-cxx-driver/src/mongo/bson/bson_db.h
FN:51,_ZNK5mongo11BSONElement7_opTimeEv
FN:57,_ZNK5mongo11BSONElement7_asCodeEv
FN:71,_ZN5mongo25BSONObjBuilderValueStreamlsERKNS_14DateNowLabelerE.isra.72
FN:71,_ZN5mongo25BSONObjBuilderValueStreamlsERKNS_14DateNowLabelerE.isra.159
FNDA:13,_ZN5mongo25BSONObjBuilderValueStreamlsERKNS_14DateNowLabelerE.isra.72
FNDA:1,_ZN5mongo25BSONObjBuilderValueStreamlsERKNS_14DateNowLabelerE.isra.159
FNDA:1,_ZNK5mongo11BSONElement7_opTimeEv
FNDA:4,_ZNK5mongo11BSONElement7_asCodeEv
FNF:4
FNH:4
DA:41,49
DA:42,49
DA:47,9
DA:51,1
DA:52,2
DA:53,1
DA:57,4
DA:58,8
DA:61,4
DA:63,2
DA:65,0
DA:67,0
DA:71,14
DA:72,14
DA:73,14
DA:74,14
DA:78,2
DA:79,2
DA:80,1
DA:84,2
DA:85,2
DA:86,1
DA:91,3
DA:92,3
DA:93,2
DA:97,3
DA:98,3
DA:99,2
LF:28
LH:26
end_of_record
TN:
SF:/home/tbrock/Code/mongo-cxx-driver/src/mongo/bson/bson_field.h
FN:61,_ZN5mongo14BSONFieldValueISsED2Ev
FN:61,_ZN5mongo14BSONFieldValueINS_7BSONObjEED2Ev
FN:63,_ZN5mongo14BSONFieldValueISsEC2ERKSsS3_
FN:75,_ZN5mongo9BSONFieldISsED2Ev
FNDA:185,_ZN5mongo14BSONFieldValueISsEC2ERKSsS3_
FNDA:2,_ZN5mongo14BSONFieldValueINS_9BSONArrayEED2Ev
FNDA:28,_ZN5mongo9BSONFieldINS_7BSONObjEED2Ev
FNDA:185,_ZN5mongo14BSONFieldValueISsED2Ev
FNDA:28,_ZN5mongo9BSONFieldINS_9BSONArrayEED2Ev
FNDA:140,_ZN5mongo9BSONFieldISsED2Ev
FNDA:2,_ZN5mongo14BSONFieldValueINS_7BSONObjEED2Ev
FNF:7
FNH:7
DA:61,570
DA:63,185
DA:64,192
DA:75,592
DA:78,406
DA:84,1
DA:88,189
DA:110,1
DA:118,1
LF:9
LH:9
end_of_record
TN:
SF:/home/tbrock/Code/mongo-cxx-driver/src/mongo/bson/bson_validate.cpp
FN:33,_ZN5mongo12_GLOBAL__N_19makeErrorESsNS_11BSONElementE
FN:46,_ZN5mongo12validateBSONEPKcm
FN:51,_ZN5mongo12_GLOBAL__N_119validateElementInfoEPNS0_6BufferEPNS0_15ValidationState5StateENS_11BSONElementE
FN:51,_ZN5mongo12_GLOBAL__N_16Buffer14readUTF8StringEPNS_10StringDataE
FN:51,_ZN5mongo12_GLOBAL__N_121validateBSONIterativeEPNS0_6BufferE
FN:61,_ZN5mongo12_GLOBAL__N_16Buffer11readCStringEPNS_10StringDataE
FN:366,_Z41__static_initialization_and_destruction_0ii
FN:366,_GLOBAL__sub_I_bson_validate.cpp
FNDA:3025759,_ZN5mongo12_GLOBAL__N_119validateElementInfoEPNS0_6BufferEPNS0_15ValidationState5StateENS_11BSONElementE
FNDA:1208281,_ZN5mongo12_GLOBAL__N_16Buffer14readUTF8StringEPNS_10StringDataE
FNDA:6682,_ZN5mongo12_GLOBAL__N_19makeErrorESsNS_11BSONElementE
FNDA:28,_Z41__static_initialization_and_destruction_0ii
FNDA:2424354,_ZN5mongo12_GLOBAL__N_16Buffer11readCStringEPNS_10StringDataE
FNDA:10473,_ZN5mongo12_GLOBAL__N_121validateBSONIterativeEPNS0_6BufferE
FNDA:28,_GLOBAL__sub_I_bson_validate.cpp
FNDA:10473,_ZN5mongo12validateBSONEPKcm
FNF:8
FNH:8
DA:33,6682
DA:34,6682
DA:38,3
DA:40,6682
DA:46,10473
DA:51,6056845
DA:53,616178
DA:54,6056834
DA:55,6056834
DA:57,6056834
DA:61,2424354
DA:62,4848708
DA:63,2424354
DA:64,10
DA:65,2424349
DA:67,2424349
DA:68,2424349
DA:70,2424349
DA:71,2424298
DA:76,2416558
DA:78,1208281
DA:79,8
DA:81,1208277
DA:82,0
DA:85,3624831
DA:86,3362
DA:89,1206596
DA:90,0
DA:92,1206596
DA:93,1522
DA:99,1815392
DA:115,7
DA:138,601467
DA:142,616181
DA:146,33
DA:149,616148
DA:161,3632841
DA:167,3025759
DA:168,6
DA:170,3025756
DA:171,601455
DA:176,4848602
DA:177,2424301
DA:180,2424298
DA:188,90
DA:189,0
DA:193,1820868
DA:194,4
DA:198,39
DA:199,0
DA:207,249
DA:208,0
DA:212,38
DA:213,19
DA:215,6
DA:219,54
DA:220,27
DA:222,52
DA:223,26
DA:231,2416460
DA:232,1208230
DA:238,28
DA:239,2
DA:240,54
DA:241,24
DA:245,33
DA:249,605660
DA:253,6350
DA:257,4279231
DA:259,1198098
DA:265,3631052
DA:266,3627261
DA:268,616148
DA:269,616148
DA:270,616148
DA:272,1232296
DA:273,4
DA:278,3025759
DA:280,3025759
DA:281,14
DA:282,7
DA:283,7
DA:286,3025759
DA:287,3025759
DA:288,3025759
DA:289,3025759
DA:294,5438809
DA:295,25344
DA:296,7
DA:300,3020132
DA:304,1804365
DA:305,601455
DA:306,2066
DA:309,600422
DA:313,596631
DA:314,596631
DA:317,596619
DA:322,33
DA:323,33
DA:324,33
DA:326,66
DA:327,2
DA:328,32
DA:329,32
DA:331,15
DA:335,36
DA:336,12
DA:338,4
DA:341,10
DA:342,0
DA:343,10
DA:344,10
DA:345,10
DA:357,10473
DA:358,10473
DA:359,0
DA:363,10473
DA:366,84
LF:118
LH:111
end_of_record
TN:
SF:/home/tbrock/Code/mongo-cxx-driver/src/mongo/bson/bsonelement.h
FN:69,_ZNK5mongo11BSONElement6StringEv
FN:70,_ZNK5mongo11BSONElement4DateEv
FN:74,_ZNK5mongo11BSONElement3IntEv
FN:75,_ZNK5mongo11BSONElement4BoolEv
FN:112,_ZNK5mongo11BSONElement11binDataTypeEv
FN:112,_ZNK5mongo11BSONElement13fieldNameSizeEv
FN:112,_ZNK5mongo11BSONElement9numberIntEv
FN:112,_ZNK5mongo11BSONElement7binDataERi
FN:112,_ZNK5mongo11BSONElement19fieldNameStringDataEv
FN:112,_ZNK5mongo11BSONElement10numberLongEv
FN:112,_ZNK5mongo11BSONElement5regexEv
FN:112,_ZNK5mongo11BSONElement3strEv
FN:112,_ZNK5mongo11BSONElement14codeWScopeCodeEv
FN:112,_ZNK5mongo11BSONElement3chkEi
FN:112,_ZNK5mongo11BSONElement12numberDoubleEv
FN:112,_ZNK5mongo11BSONElement9trueValueEv
FN:112,_ZNK5mongo11BSONElement14safeNumberLongEv
FN:112,_ZN5mongo11BSONElementC2EPKci
FN:163,_ZNK5mongo11BSONElement13timestampTimeEv
FN:163,_ZNK5mongo11BSONElement12binDataCleanERi
FN:166,_ZNK5mongo11BSONElement9valuesizeEv
FN:288,_ZNK5mongo11BSONElement25codeWScopeScopeDataUnsafeEv
FN:345,_ZNK5mongo11BSONElement10regexFlagsEv
FNDA:52,_ZNK5mongo11BSONElement10numberLongEv
FNDA:622,_ZNK5mongo11BSONElement6StringEv
FNDA:244,_ZNK5mongo11BSONElement19fieldNameStringDataEv
FNDA:4,_ZNK5mongo11BSONElement25codeWScopeScopeDataUnsafeEv
FNDA:4,_ZNK5mongo11BSONElement7binDataERi
FNDA:100,_ZNK5mongo11BSONElement10regexFlagsEv
FNDA:19,_ZNK5mongo11BSONElement13timestampTimeEv
FNDA:4,_ZNK5mongo11BSONElement11binDataTypeEv
FNDA:4375781,_ZNK5mongo11BSONElement13fieldNameSizeEv
FNDA:93,_ZNK5mongo11BSONElement9numberIntEv
FNDA:5,_ZNK5mongo11BSONElement14safeNumberLongEv
FNDA:1009,_ZNK5mongo11BSONElement9trueValueEv
FNDA:400742,_ZN5mongo11BSONElementC2EPKci
FNDA:3,_ZNK5mongo11BSONElement4BoolEv
FNDA:721,_ZNK5mongo11BSONElement3chkEi
FNDA:546420,_ZNK5mongo11BSONElement12numberDoubleEv
FNDA:6,_ZNK5mongo11BSONElement3IntEv
FNDA:14,_ZNK5mongo11BSONElement14codeWScopeCodeEv
FNDA:4,_ZNK5mongo11BSONElement12binDataCleanERi
FNDA:200,_ZNK5mongo11BSONElement5regexEv
FNDA:81,_ZNK5mongo11BSONElement9valuesizeEv
FNDA:1059,_ZNK5mongo11BSONElement3strEv
FNDA:90,_ZNK5mongo11BSONElement4DateEv
FNF:23
FNH:23
DA:69,622
DA:70,180
DA:74,12
DA:75,6
DA:112,10665943
DA:120,10902
DA:125,7493626
DA:144,2181321
DA:145,2181319
DA:151,4375781
DA:152,4375781
DA:153,830497
DA:154,4375781
DA:157,244
DA:158,488
DA:163,2944108
DA:166,81
DA:167,81
DA:170,4
DA:176,746
DA:186,224
DA:201,187
DA:203,100560
DA:205,114
DA:228,546403
DA:244,1348428
DA:249,186895
DA:264,1059
DA:265,5185
DA:269,14
DA:270,28
DA:271,14
DA:288,4
DA:290,4
DA:312,4
DA:314,8
DA:315,4
DA:316,4
DA:319,4
DA:321,4
DA:322,4
DA:326,0
DA:327,0
DA:331,4
DA:333,8
DA:334,4
DA:335,4
DA:339,200
DA:340,400
DA:341,200
DA:345,100
DA:346,100
DA:347,100
DA:359,320
DA:380,45
DA:381,45
DA:392,187606
DA:393,375266
DA:402,19
DA:403,19
DA:404,19
DA:407,18
DA:435,400742
DA:436,400742
DA:437,100314
DA:438,100314
DA:441,300428
DA:442,300428
DA:443,300428
DA:444,901284
DA:445,300428
DA:446,300428
DA:449,400742
DA:451,1028109
DA:452,1028109
DA:453,1068470
DA:454,1068284
DA:455,197620
DA:456,197620
DA:486,721
DA:487,1442
DA:489,0
DA:490,0
DA:492,0
DA:493,0
DA:495,721
DA:503,1009
DA:505,2018
DA:507,0
DA:509,99
DA:511,22
DA:513,725
DA:522,0
DA:526,142
DA:527,144
DA:552,546420
DA:553,1092840
DA:555,184
DA:557,546229
DA:559,7
DA:566,93
DA:567,186
DA:569,0
DA:571,92
DA:573,0
DA:580,52
DA:581,104
DA:583,3
DA:585,21
DA:587,28
DA:598,5
DA:600,10
DA:602,4
DA:603,4
DA:606,3
DA:609,2
DA:613,3
DA:619,14423
DA:620,14423
DA:621,14423
LF:120
LH:110
end_of_record
TN:
SF:/home/tbrock/Code/mongo-cxx-driver/src/mongo/bson/bsonmisc.h
FN:201,_ZN5mongo25BSONObjBuilderValueStreamD2Ev
FNDA:6643,_ZN5mongo25BSONObjBuilderValueStreamD2Ev
FNF:1
FNH:1
DA:31,31
DA:35,11
DA:37,11
DA:39,11
DA:123,28
DA:143,2
DA:149,2
DA:154,6
DA:155,2
DA:162,2
DA:169,2
DA:177,3
DA:201,6643
DA:222,20
DA:236,18663
DA:256,0
DA:257,0
LF:17
LH:15
end_of_record
TN:
SF:/home/tbrock/Code/mongo-cxx-driver/src/mongo/bson/bsonobj.h
FN:92,_ZN5mongo7BSONObjC2EPNS0_6HolderE
FN:101,_ZN5mongo7BSONObjD2Ev
FN:101,_ZN5mongo9BSONArrayD2Ev
FN:101,_ZNK5mongo7BSONObjgtERKS0_
FN:101,_ZNK5mongo7BSONObjltERKS0_
FN:101,_ZNK5mongo7BSONObjleERKS0_
FN:101,_ZNK5mongo7BSONObjgeERKS0_
FN:210,_ZNK5mongo7BSONObjixEi
FN:272,_ZN5mongo7BSONObj4initEPNS0_6HolderE
FN:272,_ZNK5mongo7BSONObj11binaryEqualERKS0_
FN:272,_ZNK5mongo7BSONObj22appendSelfToBufBuilderERNS_11_BufBuilderINS_16TrivialAllocatorEEE
FN:293,_ZNK5mongo7BSONObj18okForStorageAsRootEv
FN:513,_ZN5mongo7BSONObjC2ERKS0_
FN:514,_ZN5mongo21intrusive_ptr_releaseEPNS_7BSONObj6HolderE
FNDA:100221,_ZNK5mongo7BSONObj22appendSelfToBufBuilderERNS_11_BufBuilderINS_16TrivialAllocatorEEE
FNDA:41,_ZNK5mongo7BSONObj18okForStorageAsRootEv
FNDA:10130,_ZN5mongo7BSONObjC2EPNS0_6HolderE
FNDA:108980,_ZN5mongo7BSONObjC2ERKS0_
FNDA:1,_ZNK5mongo7BSONObjixEi
FNDA:145,_ZNK5mongo7BSONObj11binaryEqualERKS0_
FNDA:1,_ZNK5mongo7BSONObjgeERKS0_
FNDA:1443,_ZNK5mongo7BSONObjltERKS0_
FNDA:119214,_ZN5mongo21intrusive_ptr_releaseEPNS_7BSONObj6HolderE
FNDA:1,_ZNK5mongo7BSONObjleERKS0_
FNDA:10130,_ZN5mongo7BSONObj4initEPNS0_6HolderE
FNDA:224,_ZN5mongo7BSONObjD2Ev
FNDA:56,_ZN5mongo9BSONArrayD2Ev
FNDA:4,_ZNK5mongo7BSONObjgtERKS0_
FNF:14
FNH:14
DA:83,189913
DA:92,10130
DA:93,10130
DA:94,10130
DA:101,313535
DA:102,313311
DA:103,224
DA:133,182
DA:207,1869
DA:210,1
DA:213,1
DA:214,3
DA:218,440
DA:272,2042954
DA:293,41
DA:294,123
DA:322,38
DA:345,4329
DA:346,3
DA:347,12
DA:348,3
DA:376,145
DA:377,145
DA:378,145
DA:379,123
DA:385,338
DA:390,106
DA:391,106
DA:392,106
DA:432,33
DA:495,100221
DA:496,100221
DA:497,100221
DA:498,100221
DA:510,5212
DA:513,119216
DA:514,119214
DA:518,357642
DA:524,10128
DA:526,119214
DA:530,108980
DA:531,108980
DA:532,108980
DA:535,1773
DA:536,2212
DA:537,2212
DA:561,10130
DA:562,10130
DA:563,10130
DA:564,10130
DA:566,200043
DA:567,199986
DA:568,1
DA:587,1345
DA:589,86
DA:590,291
LF:56
LH:56
end_of_record
TN:
SF:/home/tbrock/Code/mongo-cxx-driver/src/mongo/bson/bsonobjbuilder.h
FN:54,_ZN5mongo14BSONObjBuilderC2Ei
FN:62,_ZN5mongo14BSONObjBuilderC2ERNS_11_BufBuilderINS_16TrivialAllocatorEEE
FN:71,_ZN5mongo14BSONObjBuilderD2Ev
FN:84,_ZN5mongo14BSONObjBuilder6appendERKNS_11BSONElementE
FN:91,_ZN5mongo14BSONObjBuilder8appendAsERKNS_11BSONElementERKNS_10StringDataE
FN:100,_ZN5mongo14BSONObjBuilder6appendERKNS_10StringDataENS_7BSONObjE
FN:133,_ZN5mongo14BSONObjBuilder11subobjStartERKNS_10StringDataE.isra.165
FN:133,_ZN5mongo14BSONObjBuilder11subobjStartERKNS_10StringDataE.isra.123
FN:133,_ZN5mongo14BSONObjBuilder11subobjStartERKNS_10StringDataE.isra.54
FN:133,_ZN5mongo14BSONObjBuilder11subobjStartERKNS_10StringDataE.isra.128
FN:133,_ZN5mongo14BSONObjBuilder11subobjStartERKNS_10StringDataE.isra.182
FN:142,_ZN5mongo14BSONObjBuilder11appendArrayERKNS_10StringDataERKNS_7BSONObjE
FN:154,_ZN5mongo14BSONObjBuilder13subarrayStartERKNS_10StringDataE.isra.55
FN:154,_ZN5mongo14BSONObjBuilder13subarrayStartERKNS_10StringDataE.isra.56
FN:154,_ZN5mongo14BSONObjBuilder13subarrayStartERKNS_10StringDataE.isra.336
FN:154,_ZN5mongo14BSONObjBuilder13subarrayStartERKNS_10StringDataE.isra.129
FN:161,_ZN5mongo14BSONObjBuilder10appendBoolERKNS_10StringDataEi
FN:169,_ZN5mongo14BSONObjBuilder6appendERKNS_10StringDataEb
FN:177,_ZN5mongo14BSONObjBuilder6appendERKNS_10StringDataEi
FN:190,_ZN5mongo14BSONObjBuilder6appendERKNS_10StringDataEx
FN:198,_ZN5mongo14BSONObjBuilder13appendIntOrLLERKNS_10StringDataEx
FN:223,_ZN5mongo14BSONObjBuilder12appendNumberERKNS_10StringDataEm
FN:233,_ZN5mongo14BSONObjBuilder12appendNumberERKNS_10StringDataEx
FN:253,_ZN5mongo14BSONObjBuilder6appendERKNS_10StringDataEd
FN:269,_ZN5mongo14BSONObjBuilder9appendOIDERKNS_10StringDataEPNS_3OIDEb
FN:290,_ZN5mongo14BSONObjBuilder6appendERKNS_10StringDataENS_3OIDE
FN:309,_ZN5mongo14BSONObjBuilder11appendTimeTERKNS_10StringDataEl
FN:319,_ZN5mongo14BSONObjBuilder10appendDateERKNS_10StringDataENS_6Date_tE
FN:334,_ZN5mongo16BSONArrayBuilderlsINS_6Date_tEEERS0_RKT_
FN:341,_ZN5mongo14BSONObjBuilder11appendRegexERKNS_10StringDataES3_S3_
FN:350,_ZN5mongo16BSONArrayBuilderlsINS_9BSONRegExEEERS0_RKT_
FN:353,_ZN5mongo14BSONObjBuilder10appendCodeERKNS_10StringDataES3_
FN:362,_ZN5mongo16BSONArrayBuilderlsINS_8BSONCodeEEERS0_RKT_
FN:367,_ZN5mongo14BSONObjBuilder6appendERKNS_10StringDataEPKci
FN:375,_ZN5mongo14BSONObjBuilder6appendERKNS_10StringDataEPKc
FN:380,_ZN5mongo14BSONObjBuilderlsISsEERS0_RKNS_14BSONFieldValueIT_EE
FN:380,_ZN5mongo14BSONObjBuilder6appendISsEERS0_RKNS_10StringDataERKSt6vectorIT_SaIS7_EE
FN:383,_ZN5mongo14BSONObjBuilder6appendERKNS_10StringDataES3_
FN:391,_ZN5mongo14BSONObjBuilder12appendSymbolERKNS_10StringDataES3_
FN:400,_ZN5mongo16BSONArrayBuilderlsINS_10BSONSymbolEEERS0_RKT_
FN:409,_ZN5mongo14BSONObjBuilder10appendNullERKNS_10StringDataE
FN:416,_ZN5mongo14BSONObjBuilder12appendMinKeyERKNS_10StringDataE
FN:422,_ZN5mongo14BSONObjBuilder12appendMaxKeyERKNS_10StringDataE
FN:429,_ZN5mongo14BSONObjBuilder15appendTimestampERKNS_10StringDataE
FN:449,_ZN5mongo14BSONObjBuilder15appendTimestampERKNS_10StringDataEy
FN:467,_ZN5mongo14BSONObjBuilder11appendDBRefERKNS_10StringDataES3_RKNS_3OIDE
FN:477,_ZN5mongo16BSONArrayBuilderlsINS_9BSONDBRefEEERS0_RKT_
FN:487,_ZN5mongo14BSONObjBuilder13appendBinDataERKNS_10StringDataEiNS_11BinDataTypeEPKv
FN:497,_ZN5mongo16BSONArrayBuilderlsINS_11BSONBinDataEEERS0_RKT_
FN:519,_ZN5mongo14BSONObjBuilder16appendCodeWScopeERKNS_10StringDataES3_RKNS_7BSONObjE
FN:530,_ZN5mongo16BSONArrayBuilderlsINS_14BSONCodeWScopeEEERS0_RKT_
FN:533,_ZN5mongo14BSONObjBuilder15appendUndefinedERKNS_10StringDataE.isra.127
FN:533,_ZN5mongo14BSONObjBuilder15appendUndefinedERKNS_10StringDataE.isra.53
FN:533,_ZN5mongo14BSONObjBuilder15appendUndefinedERKNS_10StringDataE.isra.164
FN:533,_ZN5mongo14BSONObjBuilder15appendUndefinedERKNS_10StringDataE.isra.120
FN:572,_ZN5mongo14BSONObjBuilder3objEv
FN:586,_ZN5mongo14BSONObjBuilder4doneEv
FN:599,_ZN5mongo14BSONObjBuilder9asTempObjEv
FN:623,_ZN5mongo14BSONObjBuilder6numStrEi
FN:633,_ZN5mongo16BSONArrayBuilderlsIA1_cEERS0_RKT_
FN:633,_ZN5mongo16BSONArrayBuilderlsISsEERS0_RKT_
FN:633,_ZN5mongo16BSONArrayBuilderlsIiEERS0_RKT_.isra.130
FN:633,_ZN5mongo16BSONArrayBuilderlsIdEERS0_RKT_.isra.154
FN:633,_ZN5mongo16BSONArrayBuilderlsIA4_cEERS0_RKT_
FN:633,_ZN5mongo16BSONArrayBuilderlsINS_10StringDataEEERS0_RKT_
FN:633,_ZN5mongo16BSONArrayBuilderlsIxEERS0_RKT_.isra.156
FN:633,_ZN5mongo16BSONArrayBuilderlsIA3_cEERS0_RKT_
FN:633,_ZN5mongo2ORERKNS_7BSONObjES2_S2_
FN:633,_ZN5mongo16BSONArrayBuilderlsINS_7BSONObjEEERS0_RKT_
FN:633,_ZN5mongo16BSONArrayBuilderlsINS_13MinKeyLabelerEEERS0_RKT_.isra.131
FN:633,_ZN5mongo16BSONArrayBuilderlsIiEERS0_RKT_.isra.129
FN:633,_ZN5mongo16BSONArrayBuilderlsIbEERS0_RKT_.isra.136
FN:633,_ZN5mongo16BSONArrayBuilderlsIA6_cEERS0_RKT_
FN:633,_ZN5mongo16BSONArrayBuilderlsIA19_cEERS0_RKT_
FN:633,_ZN5mongo16BSONArrayBuilderlsINS_6OpTimeEEERS0_RKT_
FN:633,_ZN5mongo16BSONArrayBuilderlsIA22_cEERS0_RKT_
FN:633,_ZN5mongo16BSONArrayBuilderlsINS_3OIDEEERS0_RKT_
FN:633,_ZN5mongo16BSONArrayBuilderlsIA2_cEERS0_RKT_
FN:633,_ZN5mongo16BSONArrayBuilderlsIiEERS0_RKT_.isra.57
FN:633,_ZN5mongo16BSONArrayBuilderlsIA10_cEERS0_RKT_
FN:633,_ZN5mongo16BSONArrayBuilderlsINS_9BSONArrayEEERS0_RKT_
FN:633,_ZN5mongo16BSONArrayBuilderlsINS_11NullLabelerEEERS0_RKT_.isra.138
FN:633,_ZN5mongo16BSONArrayBuilderlsINS_13MaxKeyLabelerEEERS0_RKT_.isra.143
FN:633,_ZN5mongo16BSONArrayBuilderlsINS_16UndefinedLabelerEEERS0_RKT_.isra.134
FN:640,_ZN5mongo14BSONObjBuilderlsERKNS_7Labeler5LabelE
FN:652,_ZN5mongo14BSONObjBuilderlsINS_7BSONObjEEERS0_RKNS_14BSONFieldValueIT_EE
FN:678,_ZN5mongo14BSONObjBuilder5_doneEv
FN:711,_ZN5mongo16BSONArrayBuilder6appendIxEERS0_RKT_.isra.132
FN:711,_ZN5mongo16BSONArrayBuilder6appendIiEERS0_RKT_.isra.51
FN:711,_ZN5mongo16BSONArrayBuilder6appendINS_7BSONObjEEERS0_RKT_
FN:711,_ZN5mongo16BSONArrayBuilder6appendIiEERS0_RKT_.isra.131
FN:716,_ZN5mongo16BSONArrayBuilder6appendERKNS_11BSONElementE
FN:731,_ZN5mongo16BSONArrayBuilder10appendNullEv
FN:735,_ZN5mongo16BSONArrayBuilder15appendUndefinedEv
FN:743,_ZN5mongo16BSONArrayBuilder3arrEv
FN:849,_ZN5mongo16BSONArrayBuilder4fillERKNS_10StringDataE
FN:858,_ZN5mongo16BSONArrayBuilder4fillEi
FN:874,_ZN5mongo14BSONObjBuilder6appendINS_7BSONObjEEERS0_RKNS_10StringDataERKSt6vectorIT_SaIS8_EE
FN:874,_ZN5mongo14BSONObjBuilder6appendIiEERS0_RKNS_10StringDataERKSt6vectorIT_SaIS7_EE
FN:874,_ZN5mongo14BSONObjBuilder6appendIdEERS0_RKNS_10StringDataERKSt6vectorIT_SaIS7_EE
FNDA:1,_ZN5mongo16BSONArrayBuilderlsINS_9BSONDBRefEEERS0_RKT_
FNDA:0,_ZN5mongo14BSONObjBuilder11subobjStartERKNS_10StringDataE.isra.182
FNDA:249,_ZN5mongo14BSONObjBuilder6appendISsEERS0_RKNS_10StringDataERKSt6vectorIT_SaIS7_EE
FNDA:5,_ZN5mongo14BSONObjBuilder13subarrayStartERKNS_10StringDataE.isra.336
FNDA:1,_ZN5mongo16BSONArrayBuilder15appendUndefinedEv
FNDA:431,_ZN5mongo14BSONObjBuilderC2ERNS_11_BufBuilderINS_16TrivialAllocatorEEE
FNDA:7,_ZN5mongo14BSONObjBuilder13subarrayStartERKNS_10StringDataE.isra.129
FNDA:250,_ZN5mongo14BSONObjBuilder11appendTimeTERKNS_10StringDataEl
FNDA:7,_ZN5mongo14BSONObjBuilder12appendNumberERKNS_10StringDataEm
FNDA:1,_ZN5mongo16BSONArrayBuilderlsINS_13MaxKeyLabelerEEERS0_RKT_.isra.143
FNDA:4,_ZN5mongo14BSONObjBuilder15appendUndefinedERKNS_10StringDataE.isra.120
FNDA:1,_ZN5mongo14BSONObjBuilder13subarrayStartERKNS_10StringDataE.isra.56
FNDA:2,_ZN5mongo16BSONArrayBuilder6appendERKNS_11BSONElementE
FNDA:1,_ZN5mongo16BSONArrayBuilderlsINS_11NullLabelerEEERS0_RKT_.isra.138
FNDA:1,_ZN5mongo16BSONArrayBuilderlsINS_9BSONArrayEEERS0_RKT_
FNDA:1,_ZN5mongo16BSONArrayBuilderlsIA10_cEERS0_RKT_
FNDA:1,_ZN5mongo16BSONArrayBuilderlsINS_16UndefinedLabelerEEERS0_RKT_.isra.134
FNDA:1,_ZN5mongo14BSONObjBuilder6appendIdEERS0_RKNS_10StringDataERKSt6vectorIT_SaIS7_EE
FNDA:1,_ZN5mongo16BSONArrayBuilderlsINS_14BSONCodeWScopeEEERS0_RKT_
FNDA:77,_ZN5mongo14BSONObjBuilder8appendAsERKNS_11BSONElementERKNS_10StringDataE
FNDA:1136,_ZN5mongo14BSONObjBuilder6appendERKNS_10StringDataEd
FNDA:1,_ZN5mongo16BSONArrayBuilderlsINS_10BSONSymbolEEERS0_RKT_
FNDA:1,_ZN5mongo16BSONArrayBuilderlsINS_11BSONBinDataEEERS0_RKT_
FNDA:2,_ZN5mongo16BSONArrayBuilderlsINS_3OIDEEERS0_RKT_
FNDA:53,_ZN5mongo14BSONObjBuilder9appendOIDERKNS_10StringDataEPNS_3OIDEb
FNDA:114,_ZN5mongo16BSONArrayBuilderlsIA2_cEERS0_RKT_
FNDA:4918,_ZN5mongo14BSONObjBuilder3objEv
FNDA:10,_ZN5mongo14BSONObjBuilder15appendUndefinedERKNS_10StringDataE.isra.53
FNDA:93,_ZN5mongo14BSONObjBuilder6appendERKNS_10StringDataENS_3OIDE
FNDA:71530,_ZN5mongo14BSONObjBuilder6appendERKNS_10StringDataEPKci
FNDA:10,_ZN5mongo14BSONObjBuilder12appendMaxKeyERKNS_10StringDataE
FNDA:27,_ZN5mongo14BSONObjBuilder13subarrayStartERKNS_10StringDataE.isra.55
FNDA:48,_ZN5mongo14BSONObjBuilder10appendBoolERKNS_10StringDataEi
FNDA:40,_ZN5mongo14BSONObjBuilder15appendUndefinedERKNS_10StringDataE.isra.164
FNDA:3,_ZN5mongo16BSONArrayBuilderlsIiEERS0_RKT_.isra.57
FNDA:313,_ZN5mongo16BSONArrayBuilder6appendINS_7BSONObjEEERS0_RKT_
FNDA:1,_ZN5mongo16BSONArrayBuilderlsINS_6OpTimeEEERS0_RKT_
FNDA:4,_ZN5mongo14BSONObjBuilder12appendSymbolERKNS_10StringDataES3_
FNDA:1,_ZN5mongo16BSONArrayBuilderlsIA22_cEERS0_RKT_
FNDA:14,_ZN5mongo16BSONArrayBuilder6appendIiEERS0_RKT_.isra.131
FNDA:2,_ZN5mongo14BSONObjBuilderlsINS_9BSONArrayEEERS0_RKNS_14BSONFieldValueIT_EE
FNDA:2,_ZN5mongo14BSONObjBuilder15appendTimestampERKNS_10StringDataE
FNDA:1,_ZN5mongo16BSONArrayBuilder4fillERKNS_10StringDataE
FNDA:10,_ZN5mongo14BSONObjBuilderlsERKNS_7Labeler5LabelE
FNDA:12433,_ZN5mongo14BSONObjBuilder6appendERKNS_10StringDataEi
FNDA:1315,_ZN5mongo14BSONObjBuilder6appendERKNS_10StringDataEPKc
FNDA:4,_ZN5mongo14BSONObjBuilder12appendMinKeyERKNS_10StringDataE
FNDA:1528,_ZN5mongo14BSONObjBuilder6appendERKNS_10StringDataEb
FNDA:10003,_ZN5mongo16BSONArrayBuilderlsIiEERS0_RKT_.isra.129
FNDA:1,_ZN5mongo16BSONArrayBuilderlsINS_13MinKeyLabelerEEERS0_RKT_.isra.131
FNDA:185,_ZN5mongo14BSONObjBuilderlsISsEERS0_RKNS_14BSONFieldValueIT_EE
FNDA:6535,_ZN5mongo14BSONObjBuilder5_doneEv
FNDA:1379,_ZN5mongo14BSONObjBuilder4doneEv
FNDA:1,_ZN5mongo16BSONArrayBuilderlsINS_9BSONRegExEEERS0_RKT_
FNDA:112,_ZN5mongo16BSONArrayBuilder6appendIiEERS0_RKT_.isra.51
FNDA:6,_ZN5mongo16BSONArrayBuilderlsIA19_cEERS0_RKT_
FNDA:132,_ZN5mongo14BSONObjBuilder6appendERKNS_10StringDataEx
FNDA:27,_ZN5mongo14BSONObjBuilder10appendCodeERKNS_10StringDataES3_
FNDA:2,_ZN5mongo16BSONArrayBuilderlsIA6_cEERS0_RKT_
FNDA:1,_ZN5mongo16BSONArrayBuilderlsIbEERS0_RKT_.isra.136
FNDA:12660,_ZN5mongo14BSONObjBuilder6numStrEi
FNDA:4,_ZN5mongo14BSONObjBuilder6appendERKNS_10StringDataES3_
FNDA:83,_ZN5mongo14BSONObjBuilder12appendNumberERKNS_10StringDataEx
FNDA:1,_ZN5mongo16BSONArrayBuilderlsIA3_cEERS0_RKT_
FNDA:91,_ZN5mongo14BSONObjBuilder11subobjStartERKNS_10StringDataE.isra.128
FNDA:18,_ZN5mongo14BSONObjBuilder11appendDBRefERKNS_10StringDataES3_RKNS_3OIDE
FNDA:29,_ZN5mongo14BSONObjBuilder16appendCodeWScopeERKNS_10StringDataES3_RKNS_7BSONObjE
FNDA:6643,_ZN5mongo14BSONObjBuilderD2Ev
FNDA:1,_ZN5mongo16BSONArrayBuilderlsINS_8BSONCodeEEERS0_RKT_
FNDA:589,_ZN5mongo14BSONObjBuilder11appendArrayERKNS_10StringDataERKNS_7BSONObjE
FNDA:1,_ZN5mongo16BSONArrayBuilder4fillEi
FNDA:1,_ZN5mongo2ORERKNS_7BSONObjES2_S2_
FNDA:179,_ZN5mongo14BSONObjBuilder13appendBinDataERKNS_10StringDataEiNS_11BinDataTypeEPKv
FNDA:43,_ZN5mongo16BSONArrayBuilderlsINS_7BSONObjEEERS0_RKT_
FNDA:2,_ZN5mongo16BSONArrayBuilderlsIdEERS0_RKT_.isra.154
FNDA:2220,_ZN5mongo14BSONObjBuilder6appendERKNS_10StringDataENS_7BSONObjE
FNDA:16,_ZN5mongo14BSONObjBuilder15appendUndefinedERKNS_10StringDataE.isra.127
FNDA:65,_ZN5mongo14BSONObjBuilder15appendTimestampERKNS_10StringDataEy
FNDA:6212,_ZN5mongo14BSONObjBuilderC2Ei
FNDA:288,_ZN5mongo14BSONObjBuilder11subobjStartERKNS_10StringDataE.isra.54
FNDA:172,_ZN5mongo14BSONObjBuilder10appendDateERKNS_10StringDataENS_6Date_tE
FNDA:19,_ZN5mongo14BSONObjBuilder6appendIiEERS0_RKNS_10StringDataERKSt6vectorIT_SaIS7_EE
FNDA:27,_ZN5mongo14BSONObjBuilder13appendIntOrLLERKNS_10StringDataEx
FNDA:1,_ZN5mongo16BSONArrayBuilderlsIxEERS0_RKT_.isra.156
FNDA:128,_ZN5mongo14BSONObjBuilder11appendRegexERKNS_10StringDataES3_S3_
FNDA:7,_ZN5mongo16BSONArrayBuilderlsIA4_cEERS0_RKT_
FNDA:1,_ZN5mongo16BSONArrayBuilderlsINS_10StringDataEEERS0_RKT_
FNDA:4,_ZN5mongo14BSONObjBuilder9asTempObjEv
FNDA:194,_ZN5mongo16BSONArrayBuilder3arrEv
FNDA:249,_ZN5mongo14BSONObjBuilder6appendINS_7BSONObjEEERS0_RKNS_10StringDataERKSt6vectorIT_SaIS8_EE
FNDA:71,_ZN5mongo14BSONObjBuilder10appendNullERKNS_10StringDataE
FNDA:1,_ZN5mongo16BSONArrayBuilderlsIA1_cEERS0_RKT_
FNDA:2,_ZN5mongo14BSONObjBuilder6appendERKNS_11BSONElementE
FNDA:5,_ZN5mongo14BSONObjBuilder11subobjStartERKNS_10StringDataE.isra.165
FNDA:2,_ZN5mongo16BSONArrayBuilderlsISsEERS0_RKT_
FNDA:14,_ZN5mongo16BSONArrayBuilder6appendIxEERS0_RKT_.isra.132
FNDA:1,_ZN5mongo16BSONArrayBuilderlsINS_6Date_tEEERS0_RKT_
FNDA:3,_ZN5mongo16BSONArrayBuilder10appendNullEv
FNDA:3,_ZN5mongo16BSONArrayBuilderlsIiEERS0_RKT_.isra.130
FNDA:2,_ZN5mongo14BSONObjBuilder11subobjStartERKNS_10StringDataE.isra.123
FNDA:2,_ZN5mongo14BSONObjBuilderlsINS_7BSONObjEEERS0_RKNS_14BSONFieldValueIT_EE
FNF:101
FNH:100
DA:54,12424
DA:55,6212
DA:56,6212
DA:57,6212
DA:62,862
DA:63,431
DA:64,431
DA:71,13286
DA:72,6643
DA:73,234
DA:75,6643
DA:84,4
DA:85,2
DA:86,4
DA:87,2
DA:91,77
DA:92,77
DA:93,154
DA:94,77
DA:95,154
DA:96,77
DA:100,2220
DA:101,2220
DA:102,2220
DA:103,2220
DA:104,2220
DA:133,386
DA:134,386
DA:135,386
DA:136,386
DA:142,589
DA:143,589
DA:144,589
DA:145,589
DA:146,589
DA:149,56
DA:154,40
DA:155,40
DA:156,40
DA:157,40
DA:161,48
DA:162,48
DA:163,48
DA:164,48
DA:165,48
DA:169,1528
DA:170,1528
DA:171,1528
DA:172,1528
DA:173,1528
DA:177,12433
DA:178,12433
DA:179,12433
DA:180,12433
DA:181,12433
DA:186,20
DA:190,132
DA:191,132
DA:192,132
DA:193,132
DA:194,132
DA:198,27
DA:200,27
DA:201,27
DA:202,27
DA:203,9
DA:206,18
DA:208,27
DA:216,50
DA:220,1
DA:223,7
DA:226,7
DA:227,3
DA:229,4
DA:230,7
DA:233,83
DA:239,83
DA:240,24
DA:242,59
DA:243,9
DA:246,50
DA:249,83
DA:253,1136
DA:254,1136
DA:255,1136
DA:256,1136
DA:257,1136
DA:269,53
DA:270,53
DA:271,53
DA:272,53
DA:273,40
DA:276,13
DA:277,4
DA:280,13
DA:282,53
DA:290,93
DA:291,93
DA:292,93
DA:293,93
DA:294,93
DA:309,250
DA:310,250
DA:311,250
DA:312,250
DA:313,250
DA:319,172
DA:328,172
DA:329,172
DA:330,172
DA:331,172
DA:334,9
DA:341,128
DA:342,128
DA:343,128
DA:344,128
DA:345,128
DA:346,128
DA:350,3
DA:353,27
DA:354,27
DA:355,27
DA:356,27
DA:357,27
DA:358,27
DA:362,2
DA:367,71530
DA:368,71530
DA:369,71530
DA:370,71530
DA:371,71530
DA:372,71529
DA:375,1315
DA:376,1315
DA:380,70203
DA:383,4
DA:384,4
DA:385,4
DA:386,4
DA:387,4
DA:388,4
DA:391,4
DA:392,4
DA:393,4
DA:394,4
DA:395,4
DA:396,4
DA:400,2
DA:409,71
DA:410,71
DA:411,71
DA:412,71
DA:416,4
DA:417,4
DA:418,4
DA:419,4
DA:422,10
DA:423,10
DA:424,10
DA:425,10
DA:429,2
DA:430,2
DA:431,2
DA:432,2
DA:433,2
DA:449,65
DA:450,65
DA:451,65
DA:452,65
DA:453,65
DA:467,18
DA:468,18
DA:469,18
DA:470,18
DA:471,18
DA:472,18
DA:473,18
DA:477,3
DA:487,179
DA:488,179
DA:489,179
DA:490,179
DA:491,179
DA:492,179
DA:493,179
DA:497,3
DA:519,29
DA:520,29
DA:521,29
DA:522,58
DA:523,29
DA:524,29
DA:525,29
DA:526,29
DA:530,2
DA:533,70
DA:534,70
DA:535,70
DA:536,70
DA:540,1
DA:572,4918
DA:573,4918
DA:574,4918
DA:576,4918
DA:577,4918
DA:578,4918
DA:586,1379
DA:587,2758
DA:592,4918
DA:599,4
DA:600,4
DA:601,4
DA:602,4
DA:603,4
DA:618,4918
DA:623,12660
DA:624,12660
DA:625,2760
DA:628,9900
DA:633,12100
DA:640,10
DA:641,20
DA:642,8
DA:647,2
DA:652,189
DA:653,390
DA:654,189
DA:667,4918
DA:673,66643
DA:678,6535
DA:679,6535
DA:680,13067
DA:682,6532
DA:683,6532
DA:684,6532
DA:685,13064
DA:686,6532
DA:687,6532
DA:688,6532
DA:689,0
DA:690,6532
DA:704,259
DA:706,246
DA:707,13
DA:711,453
DA:712,1672
DA:713,453
DA:716,2
DA:717,6
DA:718,2
DA:722,1
DA:726,10207
DA:727,61242
DA:728,10207
DA:731,3
DA:732,9
DA:733,3
DA:735,1
DA:736,3
DA:737,1
DA:743,388
DA:744,44
DA:746,21
DA:814,1
DA:815,1
DA:849,1
DA:851,1
DA:852,1
DA:854,2
DA:855,1
DA:856,1
DA:858,1
DA:860,1
DA:862,1
DA:864,4
DA:865,3
DA:866,1
DA:868,10666
DA:874,5412
DA:875,518
DA:876,9270
DA:877,8683
DA:878,1036
DA:879,518
DA:934,1
DA:935,5
LF:286
LH:285
end_of_record
TN:
SF:/home/tbrock/Code/mongo-cxx-driver/src/mongo/bson/bsonobjiterator.h
FN:63,_ZN5mongo15BSONObjIterator4nextEb
FN:79,_ZN5mongo15BSONObjIterator4nextEv
FN:102,_ZN5mongo18BSONIteratorSortedD2Ev
FN:112,_ZN5mongo18BSONIteratorSorted4nextEv
FNDA:10003,_ZN5mongo18BSONIteratorSortedD2Ev
FNDA:1028109,_ZN5mongo15BSONObjIterator4nextEv
FNDA:400742,_ZN5mongo15BSONObjIterator4nextEb
FNDA:40016,_ZN5mongo18BSONIteratorSorted4nextEv
FNF:4
FNH:4
DA:42,317073
DA:43,317073
DA:44,0
DA:47,317073
DA:48,317073
DA:52,2
DA:53,2
DA:57,62778
DA:60,450884
DA:63,400742
DA:64,400742
DA:66,400742
DA:67,400742
DA:68,400742
DA:69,400742
DA:72,400742
DA:73,400742
DA:74,400742
DA:75,400742
DA:77,400742
DA:79,1028109
DA:80,1028109
DA:81,1028109
DA:82,1028109
DA:83,1028109
DA:102,10003
DA:103,10003
DA:104,10003
DA:105,10003
DA:106,10003
DA:109,11
DA:112,40016
DA:113,40016
DA:114,40016
DA:115,80032
DA:116,0
DA:130,10002
DA:140,1
LF:38
LH:36
end_of_record
TN:
SF:/home/tbrock/Code/mongo-cxx-driver/src/mongo/bson/bsontypes.h
FN:116,_ZN5mongo20canonicalizeBSONTypeENS_8BSONTypeE
FNDA:5464,_ZN5mongo20canonicalizeBSONTypeENS_8BSONTypeE
FNF:1
FNH:1
DA:116,5464
DA:117,5464
DA:120,6
DA:125,41
DA:129,594
DA:132,3733
DA:134,494
DA:136,40
DA:138,92
DA:140,70
DA:142,52
DA:145,132
DA:147,68
DA:149,8
DA:151,8
DA:153,12
DA:155,0
LF:17
LH:16
end_of_record
TN:
SF:/home/tbrock/Code/mongo-cxx-driver/src/mongo/bson/oid.cpp
FN:40,_ZNK5mongo3OID12hash_combineERm
FN:49,_ZN5mongolsERSoRKNS_3OIDE
FN:54,_ZN5mongo3OID9foldInPidERNS0_13MachineAndPidE
FN:62,_ZN5mongo3OID16genMachineAndPidEv
FN:74,_Z41__static_initialization_and_destruction_0ii
FN:76,_ZN5mongo3OID14regenMachineIdEv
FN:84,_ZN5mongo3OID12getMachineIdEv
FN:93,_ZN5mongo3OID10justForkedEv
FN:103,_ZN5mongo3OID4initEv
FN:128,_ZN5mongo3OID14initSequentialEv
FN:148,_ZN5mongo3OID4initERKSs
FN:157,_ZN5mongo3OID4initENS_6Date_tEb
FN:171,_ZN5mongo3OID7asTimeTEv
FN:181,__tcf_0
FN:199,_GLOBAL__sub_I_oid.cpp
FNDA:20000,_ZN5mongo3OID14initSequentialEv
FNDA:0,_ZN5mongo3OID12getMachineIdEv
FNDA:47,_ZN5mongo3OID4initERKSs
FNDA:5,_ZN5mongo3OID7asTimeTEv
FNDA:0,_ZN5mongo3OID14regenMachineIdEv
FNDA:3,_ZN5mongo3OID4initENS_6Date_tEb
FNDA:28,_GLOBAL__sub_I_oid.cpp
FNDA:28,_ZN5mongo3OID16genMachineAndPidEv
FNDA:26,_ZN5mongolsERSoRKNS_3OIDE
FNDA:28,__tcf_0
FNDA:23,_ZN5mongo3OID4initEv
FNDA:0,_ZNK5mongo3OID12hash_combineERm
FNDA:28,_Z41__static_initialization_and_destruction_0ii
FNDA:28,_ZN5mongo3OID9foldInPidERNS0_13MachineAndPidE
FNDA:0,_ZN5mongo3OID10justForkedEv
FNF:15
FNH:11
DA:40,0
DA:41,0
DA:42,0
DA:43,0
DA:44,0
DA:49,26
DA:50,26
DA:51,26
DA:54,28
DA:55,56
DA:56,28
DA:58,28
DA:59,28
DA:60,28
DA:62,28
DA:66,28
DA:67,28
DA:68,28
DA:69,28
DA:70,28
DA:74,28
DA:76,0
DA:77,0
DA:78,0
DA:84,0
DA:86,0
DA:87,0
DA:88,0
DA:89,0
DA:90,0
DA:93,0
DA:94,0
DA:97,0
DA:98,0
DA:100,0
DA:101,0
DA:103,23
DA:105,29
DA:108,23
DA:109,23
DA:110,23
DA:111,23
DA:112,23
DA:113,23
DA:116,23
DA:119,69
DA:120,23
DA:121,23
DA:122,23
DA:123,23
DA:125,23
DA:128,20000
DA:131,20000
DA:132,20000
DA:133,20000
DA:134,20000
DA:135,20000
DA:136,20000
DA:140,20000
DA:141,20000
DA:142,180000
DA:143,160000
DA:146,20000
DA:148,47
DA:149,47
DA:151,564
DA:152,564
DA:153,564
DA:155,47
DA:157,3
DA:158,3
DA:159,3
DA:160,3
DA:161,3
DA:162,3
DA:163,3
DA:165,3
DA:166,1
DA:168,2
DA:169,3
DA:171,5
DA:173,5
DA:174,5
DA:175,5
DA:176,5
DA:177,5
DA:178,5
DA:181,84
DA:192,28
DA:197,28
DA:199,84
LF:91
LH:71
end_of_record
TN:
SF:/home/tbrock/Code/mongo-cxx-driver/src/mongo/bson/oid.h
FN:72,_ZN5mongolsERNS_17StringBuilderImplINS_16TrivialAllocatorEEERKNS_3OIDE
FNDA:0,_ZN5mongolsERNS_17StringBuilderImplINS_16TrivialAllocatorEEERKNS_3OIDE
FNF:1
FNH:0
DA:45,10102
DA:53,32
DA:65,1
DA:66,1
DA:67,10000
DA:68,10000
DA:72,30
DA:96,1
DA:148,0
LF:9
LH:8
end_of_record
TN:
SF:/home/tbrock/Code/mongo-cxx-driver/src/mongo/bson/optime.cpp
FN:29,_Z41__static_initialization_and_destruction_0ii
FN:32,_ZN5mongo6OpTime6skewedEv
FN:50,_ZN5mongo6OpTime4_nowEv
FN:68,_ZN5mongo6OpTime3nowERKNS_5mutex11scoped_lockE
FN:72,_ZN5mongo6OpTime7getLastERKNS_5mutex11scoped_lockE
FN:76,_ZN5mongo6OpTime3maxEv
FN:82,_ZN5mongo6OpTime16waitForDifferentEj
FN:90,_GLOBAL__sub_I_optime.cpp
FNDA:28,_GLOBAL__sub_I_optime.cpp
FNDA:7,_ZN5mongo6OpTime3maxEv
FNDA:28,_Z41__static_initialization_and_destruction_0ii
FNDA:0,_ZN5mongo6OpTime7getLastERKNS_5mutex11scoped_lockE
FNDA:0,_ZN5mongo6OpTime3nowERKNS_5mutex11scoped_lockE
FNDA:0,_ZN5mongo6OpTime16waitForDifferentEj
FNDA:0,_ZN5mongo6OpTime4_nowEv
FNDA:0,_ZN5mongo6OpTime6skewedEv
FNF:8
FNH:3
DA:29,28
DA:30,28
DA:32,0
DA:33,0
DA:34,0
DA:35,0
DA:36,0
DA:37,0
DA:38,0
DA:39,0
DA:40,0
DA:43,0
DA:44,0
DA:45,0
DA:47,0
DA:50,0
DA:52,0
DA:53,0
DA:54,0
DA:55,0
DA:57,0
DA:58,0
DA:61,0
DA:62,0
DA:64,0
DA:65,0
DA:68,0
DA:69,0
DA:72,0
DA:73,0
DA:76,7
DA:77,7
DA:78,7
DA:79,7
DA:82,0
DA:84,0
DA:85,0
DA:86,0
DA:90,84
LF:39
LH:7
end_of_record
TN:
SF:/home/tbrock/Code/mongo-cxx-driver/src/mongo/bson/optime.h
FN:28,_ZN5mongo18ClockSkewExceptionD0Ev
FN:28,_ZN5mongo18ClockSkewExceptionD2Ev
FNDA:0,_ZN5mongo18ClockSkewExceptionD0Ev
FNDA:0,_ZN5mongo18ClockSkewExceptionD2Ev
FNF:2
FNH:0
DA:28,0
DA:29,0
DA:69,1
DA:73,84
DA:74,84
DA:78,4
DA:79,4
DA:83,2
DA:84,2
DA:108,58
DA:136,0
LF:11
LH:8
end_of_record
TN:
SF:/home/tbrock/Code/mongo-cxx-driver/src/mongo/bson/ordering.h
FNF:0
FNH:0
DA:50,0
LF:1
LH:0
end_of_record
TN:
SF:/home/tbrock/Code/mongo-cxx-driver/src/mongo/bson/util/atomic_int.h
FNF:0
FNH:0
DA:36,112
DA:37,439876
DA:39,119471
DA:77,5212
DA:79,0
DA:82,439898
DA:85,238428
DA:88,965
LF:8
LH:7
end_of_record
TN:
SF:/home/tbrock/Code/mongo-cxx-driver/src/mongo/bson/util/bson_extract.cpp
FN:23,_ZN5mongo16bsonExtractFieldERKNS_7BSONObjERKNS_10StringDataEPNS_11BSONElementE
FN:35,_ZN5mongo21bsonExtractTypedFieldERKNS_7BSONObjERKNS_10StringDataENS_8BSONTypeEPNS_11BSONElementE
FN:51,_ZN5mongo23bsonExtractBooleanFieldERKNS_7BSONObjERKNS_10StringDataEPb
FN:62,_ZN5mongo34bsonExtractBooleanFieldWithDefaultERKNS_7BSONObjERKNS_10StringDataEbPb
FN:86,_ZN5mongo22bsonExtractStringFieldERKNS_7BSONObjERKNS_10StringDataEPSs
FN:97,_ZN5mongo33bsonExtractStringFieldWithDefaultERKNS_7BSONObjERKNS_10StringDataES5_PSs
FN:111,_ZN5mongo23bsonExtractIntegerFieldERKNS_7BSONObjERKNS_10StringDataEPx
FN:134,_ZN5mongo34bsonExtractIntegerFieldWithDefaultERKNS_7BSONObjERKNS_10StringDataExPx
FN:146,_GLOBAL__sub_I_bson_extract.cpp
FN:146,_Z41__static_initialization_and_destruction_0ii
FNDA:48,_ZN5mongo16bsonExtractFieldERKNS_7BSONObjERKNS_10StringDataEPNS_11BSONElementE
FNDA:21,_ZN5mongo22bsonExtractStringFieldERKNS_7BSONObjERKNS_10StringDataEPSs
FNDA:28,_GLOBAL__sub_I_bson_extract.cpp
FNDA:8,_ZN5mongo23bsonExtractIntegerFieldERKNS_7BSONObjERKNS_10StringDataEPx
FNDA:1,_ZN5mongo34bsonExtractIntegerFieldWithDefaultERKNS_7BSONObjERKNS_10StringDataExPx
FNDA:0,_ZN5mongo23bsonExtractBooleanFieldERKNS_7BSONObjERKNS_10StringDataEPb
FNDA:10,_ZN5mongo34bsonExtractBooleanFieldWithDefaultERKNS_7BSONObjERKNS_10StringDataEbPb
FNDA:6,_ZN5mongo33bsonExtractStringFieldWithDefaultERKNS_7BSONObjERKNS_10StringDataES5_PSs
FNDA:28,_Z41__static_initialization_and_destruction_0ii
FNDA:26,_ZN5mongo21bsonExtractTypedFieldERKNS_7BSONObjERKNS_10StringDataENS_8BSONTypeEPNS_11BSONElementE
FNF:10
FNH:9
DA:23,48
DA:26,48
DA:27,48
DA:29,39
DA:30,78
DA:31,35
DA:35,26
DA:38,20
DA:39,26
DA:40,26
DA:42,40
DA:44,16
DA:45,12
DA:46,20
DA:51,0
DA:55,0
DA:56,0
DA:58,0
DA:62,10
DA:67,10
DA:68,10
DA:69,4
DA:72,6
DA:75,10
DA:77,4
DA:78,6
DA:81,5
DA:86,21
DA:90,21
DA:91,21
DA:93,28
DA:97,6
DA:101,6
DA:102,6
DA:103,8
DA:105,2
DA:111,8
DA:115,8
DA:116,8
DA:118,6
DA:120,4
DA:121,6
DA:123,5
DA:124,5
DA:126,12
DA:127,3
DA:128,9
DA:130,2
DA:134,1
DA:138,1
DA:139,1
DA:140,1
DA:143,1
DA:146,84
LF:54
LH:50
end_of_record
TN:
SF:/home/tbrock/Code/mongo-cxx-driver/src/mongo/bson/util/builder.h
FN:65,_ZN5mongo11_BufBuilderINS_16TrivialAllocatorEEC2Ei
FN:66,_ZN5mongo11_BufBuilderINS_16TrivialAllocatorEE15grow_reallocateEi
FN:74,_ZN5mongo11_BufBuilderINS_14StackAllocatorEEC2Ei
FN:77,_ZN5mongo14StackAllocator7ReallocEPvm
FN:140,_ZN5mongo11_BufBuilderINS_16TrivialAllocatorEE4skipEi
FN:152,_ZN5mongo11_BufBuilderINS_16TrivialAllocatorEE10appendCharEc
FN:155,_ZN5mongo11_BufBuilderINS_16TrivialAllocatorEE9appendNumEc
FN:161,_ZN5mongo11_BufBuilderINS_16TrivialAllocatorEE9appendNumEi
FN:161,_ZN5mongo11_BufBuilderINS_14StackAllocatorEE9appendNumEi
FN:164,_ZN5mongo11_BufBuilderINS_16TrivialAllocatorEE9appendNumEj
FN:170,_ZN5mongo11_BufBuilderINS_16TrivialAllocatorEE9appendNumEd
FN:173,_ZN5mongo11_BufBuilderINS_14StackAllocatorEE9appendNumEx
FN:173,_ZN5mongo11_BufBuilderINS_16TrivialAllocatorEE9appendNumEx
FN:176,_ZN5mongo11_BufBuilderINS_16TrivialAllocatorEE9appendNumEy
FN:180,_ZN5mongo11_BufBuilderINS_16TrivialAllocatorEE9appendBufEPKvm
FN:189,_ZN5mongo11_BufBuilderINS_16TrivialAllocatorEE9appendStrERKNS_10StringDataEb
FN:189,_ZN5mongo11_BufBuilderINS_14StackAllocatorEE9appendStrERKNS_10StringDataEb
FN:202,_ZN5mongo17StringBuilderImplINS_16TrivialAllocatorEE5SBNUMIiEERS2_T_iPKc
FN:202,_ZN5mongo17StringBuilderImplINS_16TrivialAllocatorEE5SBNUMIxEERS2_T_iPKc
FN:202,_ZN5mongo17StringBuilderImplINS_16TrivialAllocatorEE5SBNUMImEERS2_T_iPKc
FN:202,_ZN5mongo17StringBuilderImplINS_16TrivialAllocatorEE5SBNUMIsEERS2_T_iPKc
FN:202,_ZN5mongo17StringBuilderImplINS_16TrivialAllocatorEE5SBNUMIlEERS2_T_iPKc
FN:202,_ZN5mongo17StringBuilderImplINS_16TrivialAllocatorEE16appendDoubleNiceEd
FN:202,_ZN5mongo17StringBuilderImplINS_16TrivialAllocatorEE5writeEPKci
FN:202,_ZN5mongo17StringBuilderImplINS_16TrivialAllocatorEE5SBNUMIyEERS2_T_iPKc
FN:202,_ZN5mongo17StringBuilderImplINS_16TrivialAllocatorEE5SBNUMIjEERS2_T_iPKc
FN:202,_ZN5mongo17StringBuilderImplINS_16TrivialAllocatorEE5SBNUMIdEERS2_T_iPKc
FN:202,_ZN5mongo17StringBuilderImplINS_16TrivialAllocatorEE6appendERKNS_10StringDataE
FN:202,_ZN5mongo17StringBuilderImplINS_16TrivialAllocatorEElsEc
FN:213,_ZN5mongo11_BufBuilderINS_14StackAllocatorEE15grow_reallocateEi
FNDA:6212,_ZN5mongo11_BufBuilderINS_16TrivialAllocatorEE9appendNumEj
FNDA:33746297,_ZN5mongo11_BufBuilderINS_16TrivialAllocatorEE9appendStrERKNS_10StringDataEb
FNDA:5,_ZN5mongo17StringBuilderImplINS_16TrivialAllocatorEE5SBNUMIxEERS2_T_iPKc
FNDA:11,_ZN5mongo17StringBuilderImplINS_16TrivialAllocatorEE5SBNUMImEERS2_T_iPKc
FNDA:1,_ZN5mongo11_BufBuilderINS_14StackAllocatorEEC2Ei
FNDA:110987,_ZN5mongo17StringBuilderImplINS_16TrivialAllocatorEE5SBNUMIiEERS2_T_iPKc
FNDA:8,_ZN5mongo17StringBuilderImplINS_16TrivialAllocatorEE5SBNUMIlEERS2_T_iPKc
FNDA:8,_ZN5mongo17StringBuilderImplINS_16TrivialAllocatorEE5SBNUMIsEERS2_T_iPKc
FNDA:0,_ZN5mongo14StackAllocator7ReallocEPvm
FNDA:184727,_ZN5mongo11_BufBuilderINS_16TrivialAllocatorEE9appendNumEi
FNDA:0,_ZN5mongo11_BufBuilderINS_14StackAllocatorEE15grow_reallocateEi
FNDA:5,_ZN5mongo11_BufBuilderINS_16TrivialAllocatorEE10appendCharEc
FNDA:271,_ZN5mongo17StringBuilderImplINS_16TrivialAllocatorEE5SBNUMIjEERS2_T_iPKc
FNDA:0,_ZN5mongo11_BufBuilderINS_14StackAllocatorEE9appendNumEi
FNDA:0,_ZN5mongo17StringBuilderImplINS_16TrivialAllocatorEE5SBNUMIdEERS2_T_iPKc
FNDA:1,_ZN5mongo11_BufBuilderINS_14StackAllocatorEE9appendStrERKNS_10StringDataEb
FNDA:1136,_ZN5mongo11_BufBuilderINS_16TrivialAllocatorEE9appendNumEd
FNDA:3,_ZN5mongo17StringBuilderImplINS_16TrivialAllocatorEE5SBNUMIyEERS2_T_iPKc
FNDA:200014,_ZN5mongo17StringBuilderImplINS_16TrivialAllocatorEE5writeEPKci
FNDA:6643,_ZN5mongo11_BufBuilderINS_16TrivialAllocatorEE4skipEi
FNDA:175041,_ZN5mongo11_BufBuilderINS_16TrivialAllocatorEE9appendBufEPKvm
FNDA:1322380,_ZN5mongo11_BufBuilderINS_16TrivialAllocatorEEC2Ei
FNDA:11,_ZN5mongo17StringBuilderImplINS_16TrivialAllocatorEE16appendDoubleNiceEd
FNDA:2642105,_ZN5mongo17StringBuilderImplINS_16TrivialAllocatorEElsEc
FNDA:2183,_ZN5mongo11_BufBuilderINS_16TrivialAllocatorEE15grow_reallocateEi
FNDA:132,_ZN5mongo11_BufBuilderINS_16TrivialAllocatorEE9appendNumEx
FNDA:99585,_ZN5mongo11_BufBuilderINS_16TrivialAllocatorEE9appendNumEc
FNDA:489,_ZN5mongo11_BufBuilderINS_16TrivialAllocatorEE9appendNumEy
FNDA:2659095,_ZN5mongo17StringBuilderImplINS_16TrivialAllocatorEE6appendERKNS_10StringDataE
FNDA:0,_ZN5mongo11_BufBuilderINS_14StackAllocatorEE9appendNumEx
FNF:30
FNH:25
DA:65,1321948
DA:66,2181
DA:67,1317031
DA:74,1
DA:75,0
DA:77,0
DA:78,0
DA:79,0
DA:80,0
DA:81,0
DA:82,0
DA:83,0
DA:84,0
DA:86,0
DA:89,1
DA:90,0
DA:103,1322381
DA:104,1322381
DA:105,2643898
DA:106,1321949
DA:107,0
DA:110,432
DA:112,1322381
DA:113,1322381
DA:114,1322380
DA:117,1322381
DA:118,1317032
DA:119,102153
DA:140,13286
DA:147,4918
DA:152,5
DA:153,5
DA:154,5
DA:155,99585
DA:156,99585
DA:157,99585
DA:161,184727
DA:162,184727
DA:163,184727
DA:164,6212
DA:165,6212
DA:166,6212
DA:170,1136
DA:171,1136
DA:172,1136
DA:173,132
DA:174,132
DA:175,132
DA:176,489
DA:177,489
DA:178,489
DA:180,175041
DA:181,350081
DA:182,175040
DA:189,33746298
DA:190,33746298
DA:191,67492595
DA:192,33746297
DA:196,4
DA:202,39832786
DA:203,39832786
DA:204,39832786
DA:205,2183
DA:207,39832784
DA:208,39832784
DA:213,2183
DA:214,2183
DA:215,18766
DA:216,14400
DA:217,2183
DA:218,2
DA:219,2
DA:220,4
DA:222,4362
DA:223,2181
DA:224,0
DA:225,2181
DA:226,2181
DA:244,1
DA:246,1
DA:257,1215512
DA:266,1215512
DA:269,0
DA:272,110987
DA:275,271
DA:278,8
DA:281,11
DA:284,5
DA:287,3
DA:290,8
DA:292,2642105
DA:293,5284210
DA:294,2642105
DA:297,11
DA:298,11
DA:299,11
DA:300,22
DA:301,11
DA:302,11
DA:303,11
DA:304,11
DA:305,23
DA:306,6
DA:308,11
DA:310,400028
DA:312,7977285
DA:315,2659095
DA:321,1215515
DA:334,111293
DA:335,111293
DA:336,222586
DA:337,111293
DA:338,111293
DA:339,111293
DA:340,111293
LF:115
LH:101
end_of_record
TN:
SF:/home/tbrock/Code/mongo-cxx-driver/src/mongo/bson/util/misc.h
FNF:0
FNH:0
DA:35,1902137
DA:36,1902137
LF:2
LH:2
end_of_record
TN:
SF:/home/tbrock/Code/mongo-cxx-driver/src/mongo/client/connpool.cpp
FN:35,_ZN5mongo11PoolForHostD2Ev
FN:39,_ZN5mongo11PoolForHost5clearEv
FN:47,_ZN5mongo11PoolForHost4doneEPNS_16DBConnectionPoolEPNS_12DBClientBaseE
FN:63,_ZN5mongo11PoolForHost21reportBadConnectionAtEm
FN:74,_ZN5mongo11PoolForHost23isBadSocketCreationTimeEm
FN:79,_ZN5mongo11PoolForHost3getEPNS_16DBConnectionPoolEd
FN:150,_ZN5mongo11PoolForHost16StoredConnectionC2EPNS_12DBClientBaseE
FN:155,_ZN5mongo11PoolForHost16StoredConnection2okEl
FN:160,_ZN5mongo11PoolForHost10createdOneEPNS_12DBClientBaseE
FN:166,_ZN5mongo11PoolForHost18initializeHostNameERKSs
FN:176,_Z41__static_initialization_and_destruction_0ii
FN:178,_ZN5mongo16DBConnectionPoolC2Ev
FN:184,_ZN5mongo16DBConnectionPool4_getERKSsd
FN:191,_ZN5mongo16DBConnectionPool13_finishCreateERKSsdPNS_12DBClientBaseE
FN:211,_ZN5mongo16DBConnectionPool3getERKNS_16ConnectionStringEd
FN:231,_ZN5mongo16DBConnectionPool3getERKSsd
FN:254,_ZN5mongo16DBConnectionPool7releaseERKSsPNS_12DBClientBaseE
FN:260,_ZN5mongo16DBConnectionPoolD0Ev
FN:260,_ZN5mongo16DBConnectionPoolD2Ev
FN:264,_ZN5mongo16DBConnectionPool5flushEv
FN:272,_ZN5mongo16DBConnectionPool5clearEv
FN:280,_ZN5mongo16DBConnectionPool10removeHostERKSs
FN:292,_ZN5mongo16DBConnectionPool7addHookEPNS_16DBConnectionHookE
FN:296,_ZN5mongo16DBConnectionPool8onCreateEPNS_12DBClientBaseE
FN:305,_ZN5mongo16DBConnectionPool11onHandedOutEPNS_12DBClientBaseE
FN:314,_ZN5mongo16DBConnectionPool9onDestroyEPNS_12DBClientBaseE
FN:323,_ZN5mongo16DBConnectionPool10appendInfoERNS_14BSONObjBuilderE
FN:384,_ZNK5mongo16DBConnectionPool17serverNameCompareclERKSsS3_
FN:410,_ZNK5mongo16DBConnectionPool14poolKeyCompareclERKNS0_7PoolKeyES4_
FN:420,_ZN5mongo16DBConnectionPool16isConnectionGoodERKSsPNS_12DBClientBaseE
FN:465,_ZN5mongo18ScopedDbConnection17_setSocketTimeoutEv
FN:471,_ZN5mongo18ScopedDbConnectionD2Ev
FN:471,_ZN5mongo18ScopedDbConnectionD0Ev
FN:493,_ZN5mongo18ScopedDbConnection9clearPoolEv
FN:499,_GLOBAL__sub_I_connpool.cpp
FNDA:0,_ZN5mongo16DBConnectionPool10taskDoWorkEv
FNDA:1995,_ZNK5mongo16DBConnectionPool14poolKeyCompareclERKNS0_7PoolKeyES4_
FNDA:214,_ZN5mongo11PoolForHost3getEPNS_16DBConnectionPoolEd
FNDA:63,_ZN5mongo11PoolForHostD2Ev
FNDA:0,_ZN5mongo16DBConnectionPool10removeHostERKSs
FNDA:135,_ZN5mongo16DBConnectionPool3getERKNS_16ConnectionStringEd
FNDA:4,_ZN5mongo16DBConnectionPool9onDestroyEPNS_12DBClientBaseE
FNDA:3,_ZN5mongo11PoolForHost21reportBadConnectionAtEm
FNDA:3610,_ZNK5mongo16DBConnectionPool17serverNameCompareclERKSsS3_
FNDA:214,_ZN5mongo16DBConnectionPool4_getERKSsd
FNDA:190,_ZN5mongo11PoolForHost16StoredConnectionC2EPNS_12DBClientBaseE
FNDA:195,_ZN5mongo16DBConnectionPool11onHandedOutEPNS_12DBClientBaseE
FNDA:195,_ZN5mongo18ScopedDbConnectionD2Ev
FNDA:64,_ZN5mongo18ScopedDbConnectionD0Ev
FNDA:28,_ZN5mongo16DBConnectionPoolD2Ev
FNDA:194,_ZN5mongo16DBConnectionPool7releaseERKSsPNS_12DBClientBaseE
FNDA:375,_ZN5mongo11PoolForHost18initializeHostNameERKSs
FNDA:28,_Z41__static_initialization_and_destruction_0ii
FNDA:0,_ZN5mongo16DBConnectionPool5flushEv
FNDA:31,_ZN5mongo16DBConnectionPool5clearEv
FNDA:161,_ZN5mongo16DBConnectionPool8onCreateEPNS_12DBClientBaseE
FNDA:195,_ZN5mongo18ScopedDbConnection17_setSocketTimeoutEv
FNDA:34,_ZN5mongo11PoolForHost16StoredConnection2okEl
FNDA:194,_ZN5mongo11PoolForHost4doneEPNS_16DBConnectionPoolEPNS_12DBClientBaseE
FNDA:194,_ZN5mongo11PoolForHost5clearEv
FNDA:0,_ZN5mongo11PoolForHost19getStaleConnectionsERSt6vectorIPNS_12DBClientBaseESaIS3_EE
FNDA:161,_ZN5mongo16DBConnectionPool13_finishCreateERKSsdPNS_12DBClientBaseE
FNDA:0,_ZN5mongo11PoolForHost23isBadSocketCreationTimeEm
FNDA:31,_ZN5mongo18ScopedDbConnection9clearPoolEv
FNDA:79,_ZN5mongo16DBConnectionPool3getERKSsd
FNDA:0,_ZN5mongo16DBConnectionPoolD0Ev
FNDA:0,_ZN5mongo16DBConnectionPool10appendInfoERNS_14BSONObjBuilderE
FNDA:0,_ZN5mongo11PoolForHost5flushEv
FNDA:0,_ZN5mongo16DBConnectionPool7addHookEPNS_16DBConnectionHookE
FNDA:28,_GLOBAL__sub_I_connpool.cpp
FNDA:28,_ZN5mongo16DBConnectionPoolC2Ev
FNDA:161,_ZN5mongo11PoolForHost10createdOneEPNS_12DBClientBaseE
FNDA:0,_ZN5mongo16DBConnectionPool16isConnectionGoodERKSsPNS_12DBClientBaseE
FNF:38
FNH:28
DA:35,189
DA:36,63
DA:37,63
DA:39,194
DA:40,894
DA:41,312
DA:42,156
DA:43,156
DA:45,194
DA:47,194
DA:48,194
DA:49,3
DA:50,3
DA:51,3
DA:53,573
DA:54,191
DA:55,1
DA:56,1
DA:59,380
DA:61,194
DA:63,3
DA:64,6
DA:65,3
DA:66,3
DA:67,12
DA:68,6
DA:69,12
DA:70,3
DA:72,3
DA:74,0
DA:75,0
DA:76,0
DA:79,214
DA:81,214
DA:83,642
DA:84,68
DA:85,34
DA:87,34
DA:88,0
DA:89,0
DA:90,0
DA:93,34
DA:95,34
DA:102,0
DA:104,0
DA:105,0
DA:106,0
DA:108,0
DA:110,0
DA:120,0
DA:121,0
DA:125,0
DA:126,0
DA:128,0
DA:130,0
DA:131,0
DA:134,0
DA:135,0
DA:136,0
DA:138,0
DA:139,0
DA:141,0
DA:144,0
DA:145,0
DA:147,0
DA:150,190
DA:151,190
DA:152,190
DA:153,190
DA:155,34
DA:157,34
DA:160,161
DA:161,161
DA:162,11
DA:163,161
DA:164,161
DA:166,375
DA:167,750
DA:168,11
DA:170,375
DA:176,28
DA:178,28
DA:181,84
DA:182,28
DA:184,214
DA:185,214
DA:186,428
DA:187,214
DA:188,428
DA:191,161
DA:193,161
DA:194,322
DA:195,161
DA:196,161
DA:200,161
DA:201,161
DA:208,161
DA:211,135
DA:212,270
DA:213,135
DA:215,0
DA:225,135
DA:226,268
DA:228,232
DA:231,79
DA:232,79
DA:233,79
DA:235,34
DA:245,90
DA:246,90
DA:248,45
DA:249,45
DA:250,0
DA:251,45
DA:254,194
DA:255,194
DA:256,582
DA:257,194
DA:260,84
DA:262,28
DA:264,0
DA:265,0
DA:266,0
DA:267,0
DA:268,0
DA:270,0
DA:272,31
DA:273,31
DA:274,31
DA:275,380
DA:276,128
DA:278,31
DA:280,0
DA:281,0
DA:282,0
DA:283,0
DA:284,0
DA:285,0
DA:287,0
DA:290,0
DA:292,0
DA:293,0
DA:294,0
DA:296,161
DA:297,322
DA:298,161
DA:300,0
DA:301,0
DA:305,195
DA:306,390
DA:307,195
DA:309,0
DA:310,0
DA:314,4
DA:315,8
DA:316,4
DA:318,0
DA:319,0
DA:323,0
DA:325,0
DA:326,0
DA:331,0
DA:333,0
DA:334,0
DA:335,0
DA:336,0
DA:338,0
DA:340,0
DA:341,0
DA:342,0
DA:343,0
DA:345,0
DA:346,0
DA:348,0
DA:349,0
DA:352,0
DA:355,0
DA:357,0
DA:358,0
DA:359,0
DA:360,0
DA:361,0
DA:362,0
DA:366,0
DA:367,0
DA:368,0
DA:370,0
DA:373,0
DA:374,0
DA:375,0
DA:377,0
DA:380,0
DA:381,0
DA:382,0
DA:384,3610
DA:385,3610
DA:386,3610
DA:389,44288
DA:390,2888
DA:393,0
DA:396,41400
DA:399,41400
DA:401,40849
DA:404,40678
DA:405,40678
DA:407,40678
DA:410,1995
DA:411,1995
DA:414,1615
DA:417,1444
DA:420,0
DA:421,0
DA:425,0
DA:430,0
DA:431,0
DA:432,0
DA:433,0
DA:437,0
DA:440,0
DA:446,0
DA:447,0
DA:448,0
DA:452,0
DA:454,0
DA:455,0
DA:461,0
DA:465,195
DA:466,390
DA:467,195
DA:468,79
DA:471,649
DA:472,195
DA:473,1
DA:474,0
DA:476,0
DA:486,4
DA:487,1
DA:488,1
DA:491,259
DA:493,31
DA:494,31
DA:495,31
DA:499,84
LF:243
LH:135
end_of_record
TN:
SF:/home/tbrock/Code/mongo-cxx-driver/src/mongo/client/connpool.h
FN:38,_ZN5mongo11PoolForHostC2Ev
FN:41,_ZN5mongo11PoolForHostC2ERKS0_
FN:113,_ZN5mongo16DBConnectionHookD0Ev
FN:113,_ZN5mongo16DBConnectionHookD2Ev
FN:114,_ZN5mongo16DBConnectionHook8onCreateEPNS_12DBClientBaseE
FN:115,_ZN5mongo16DBConnectionHook11onHandedOutEPNS_12DBClientBaseE
FN:116,_ZN5mongo16DBConnectionHook9onDestroyEPNS_12DBClientBaseE
FN:182,_ZNK5mongo16DBConnectionPool8taskNameEv
FN:219,_ZN5mongo18ScopedDbConnectionC2ERKSsd
FN:219,_ZN5mongo18ScopedDbConnectionC2ERKNS_16ConnectionStringEd
FN:220,_ZN5mongo17AScopedConnectionD2Ev
FN:220,_ZN5mongo17AScopedConnectionD0Ev
FN:281,_ZN5mongo18ScopedDbConnection3getEv
FN:286,_ZNK5mongo18ScopedDbConnection2okEv
FN:288,_ZNK5mongo18ScopedDbConnection7getHostEv
FN:304,_ZN5mongo18ScopedDbConnection4doneEv
FNDA:0,_ZN5mongo16DBConnectionHookD2Ev
FNDA:0,_ZN5mongo16DBConnectionHook8onCreateEPNS_12DBClientBaseE
FNDA:42,_ZN5mongo11PoolForHostC2ERKS0_
FNDA:135,_ZN5mongo18ScopedDbConnectionC2ERKNS_16ConnectionStringEd
FNDA:0,_ZN5mongo17AScopedConnectionD2Ev
FNDA:0,_ZN5mongo17AScopedConnectionD0Ev
FNDA:79,_ZN5mongo18ScopedDbConnectionC2ERKSsd
FNDA:64,_ZN5mongo18ScopedDbConnection3getEv
FNDA:0,_ZN5mongo16DBConnectionHookD0Ev
FNDA:0,_ZN5mongo16DBConnectionHook9onDestroyEPNS_12DBClientBaseE
FNDA:21,_ZN5mongo11PoolForHostC2Ev
FNDA:0,_ZNK5mongo18ScopedDbConnection2okEv
FNDA:0,_ZNK5mongo18ScopedDbConnection7getHostEv
FNDA:0,_ZN5mongo16DBConnectionHook11onHandedOutEPNS_12DBClientBaseE
FNDA:64,_ZN5mongo18ScopedDbConnection4doneEv
FNDA:0,_ZNK5mongo16DBConnectionPool8taskNameEv
FNF:16
FNH:6
DA:38,21
DA:39,63
DA:41,126
DA:42,84
DA:43,42
DA:44,42
DA:45,42
DA:46,42
DA:50,0
DA:55,0
DA:88,6
DA:89,5
DA:113,0
DA:114,0
DA:115,0
DA:116,0
DA:182,0
DA:192,653
DA:193,569
DA:219,214
DA:220,214
DA:249,158
DA:250,79
DA:251,79
DA:253,443
DA:254,116
DA:255,116
DA:270,123
DA:281,64
DA:282,66
DA:283,64
DA:286,0
DA:288,0
DA:294,1
DA:295,1
DA:304,64
DA:305,194
DA:306,64
DA:313,194
DA:314,194
LF:40
LH:31
end_of_record
TN:
SF:/home/tbrock/Code/mongo-cxx-driver/src/mongo/client/dbclient.cpp
FN:153,_ZNK5mongo16ConnectionString19sameLogicalEndpointERKS0_
FN:196,_ZN5mongo16ConnectionString12typeToStringENS0_14ConnectionTypeE
FN:217,_ZN5mongo5QueryC2ERKSs
FN:219,_ZN5mongo5QueryC2EPKc
FN:221,_ZN5mongo5Query4hintERKSs
FN:233,_ZN5mongo5Query11makeComplexEv
FN:241,_ZN5mongo5Query4sortERKNS_7BSONObjE
FN:246,_ZN5mongo5Query4hintENS_7BSONObjE
FN:251,_ZN5mongo5Query7explainEv
FN:256,_ZN5mongo5Query8snapshotEv
FN:261,_ZN5mongo5Query6minKeyERKNS_7BSONObjE
FN:266,_ZN5mongo5Query6maxKeyERKNS_7BSONObjE
FN:271,_ZN5mongo5Query9isComplexERKNS_7BSONObjEPb
FN:321,_ZNK5mongo5Query9isComplexEPb
FN:333,_ZNK5mongo5Query9getFilterEv
FN:340,_ZNK5mongo5Query7getSortEv
FN:348,_ZNK5mongo5Query7getHintEv
FN:353,_ZNK5mongo5Query9isExplainEv
FN:357,_ZNK5mongo5Query8toStringEv
FN:363,_ZN5mongo20DBClientWithCommands4isOkERKNS_7BSONObjE
FN:372,_ZN5mongo20DBClientWithCommands16availableOptionsEv
FN:388,_ZN5mongo20DBClientWithCommands17setRunCommandHookEN5boost8functionIFvPNS_14BSONObjBuilderEEEE
FN:392,_ZN5mongo20DBClientWithCommands21setPostRunCommandHookEN5boost8functionIFvRKNS_7BSONObjERKSsEEE
FN:453,_ZN5mongo20DBClientWithCommands20getLastErrorDetailedERKSsbbii
FN:485,_ZN5mongo20DBClientWithCommands12getLastErrorERKSsbbii
FN:608,_ZN5mongo20DBClientWithCommands4authERKNS_7BSONObjE
FN:692,_ZN5mongo20DBClientWithCommands6logoutERKSsRNS_7BSONObjE
FN:750,_ZN5mongo20DBClientWithCommands19getDbProfilingLevelERKSsRNS0_14ProfilingLevelEPNS_7BSONObjE
FN:786,_ZN5mongo20DBClientWithCommands4evalERKSsS2_
FN:860,_ZN5mongo17DBClientInterface7findOneERKSsRKNS_5QueryEPKNS_7BSONObjEi
FN:916,_ZN5mongo18DBClientConnection6logoutERKSsRNS_7BSONObjE
FN:921,_ZN5mongo18DBClientConnection10runCommandERKSsRKNS_7BSONObjERS3_i
FN:970,_ZN5mongo18DBClientConnection12setSoTimeoutEd
FN:977,_ZNK5mongo18DBClientConnection23getSockCreationMicroSecEv
FN:989,_ZN5mongo12DBClientBase5queryERKSsNS_5QueryEiiPKNS_7BSONObjEii
FN:999,_ZN5mongo12DBClientBase7getMoreERKSsxii
FN:1006,_ZN5mongo12DBClientBase5queryEN5boost8functionIFvRKNS_7BSONObjEEEERKSsNS_5QueryEPS4_i
FN:1007,_ZN5mongo20DBClientFunConvertorclERNS_27DBClientCursorBatchIteratorE
FN:1022,_ZN5mongo12DBClientBase5queryEN5boost8functionIFvRNS_27DBClientCursorBatchIteratorEEEERKSsNS_5QueryEPKNS_7BSONObjEi
FN:1045,_ZN5mongo18DBClientConnection24setReplSetClientCallbackEPNS_18DBClientReplicaSetE
FN:1049,_ZN5mongo18DBClientConnection5queryEN5boost8functionIFvRNS_27DBClientCursorBatchIteratorEEEERKSsNS_5QueryEPKNS_7BSONObjEi
FN:1141,_ZN5mongo12DBClientBase6removeERKSsNS_5QueryEb
FN:1168,_ZN5mongo12DBClientBase6updateERKSsNS_5QueryENS_7BSONObjEbb
FN:1314,_ZN5mongo20DBClientWithCommands15resetIndexCacheEv
FN:1341,_ZN5mongo18DBClientConnection3sayERNS_7MessageEbPSs
FN:1352,_ZN5mongo18DBClientConnection12sayPiggyBackERNS_7MessageE
FN:1356,_ZN5mongo18DBClientConnection4recvERNS_7MessageE
FN:1387,_ZN5mongo11getErrFieldERKNS_7BSONObjE
FN:1405,_ZN5mongo11hasErrFieldERKNS_7BSONObjE
FN:1426,_ZN5mongo18DBClientConnection10killCursorEx
FN:1445,_ZN5mongo18DBClientConnection10sslManagerEv
FN:1471,_ZN5mongo7nsGetDBERKSs
FN:1480,_ZN5mongo15nsGetCollectionERKSs
FN:1489,_GLOBAL__sub_I_dbclient.cpp
FNDA:29,_ZNK5mongo5Query9isComplexEPb
FNDA:0,_ZN5mongo18DBClientConnection10sslManagerEv
FNDA:0,_ZN5mongo20DBClientWithCommands16createCollectionERKSsxbiPNS_7BSONObjE
FNDA:3,_ZN5mongo12DBClientBase6removeERKSsNS_5QueryEb
FNDA:24,_ZN5mongo15nsGetCollectionERKSs
FNDA:100089,_ZN5mongo12DBClientBase6insertERKSsNS_7BSONObjEi
FNDA:0,_ZN5mongo5Query6maxKeyERKNS_7BSONObjE
FNDA:0,_ZN5mongo18DBClientConnection10killCursorEx
FNDA:100097,_ZN5mongo18DBClientConnection3sayERNS_7MessageEbPSs
FNDA:0,_ZN5mongo20DBClientWithCommands12copyDatabaseERKSsS2_S2_PNS_7BSONObjE
FNDA:0,_ZN5mongo12DBClientBase6insertERKSsRKSt6vectorINS_7BSONObjESaIS4_EEi
FNDA:13,_ZN5mongo20DBClientWithCommands20getLastErrorDetailedEbbii
FNDA:1,_ZN5mongo20DBClientWithCommands16getDatabaseNamesEv
FNDA:0,_ZN5mongo18DBClientConnection5queryEN5boost8functionIFvRNS_27DBClientCursorBatchIteratorEEEERKSsNS_5QueryEPKNS_7BSONObjEi
FNDA:109,_ZN5mongo17DBClientInterface5findNERSt6vectorINS_7BSONObjESaIS2_EERKSsNS_5QueryEiiPKS2_i
FNDA:1,_ZN5mongo5Query4hintENS_7BSONObjE
FNDA:1,_ZN5mongo20DBClientWithCommands5countERKSsRKNS_7BSONObjEiii
FNDA:0,_ZN5mongo20DBClientWithCommands9dropIndexERKSsS2_
FNDA:28,_GLOBAL__sub_I_dbclient.cpp
FNDA:0,_ZN5mongo18DBClientConnection4recvERNS_7MessageE
FNDA:4,_ZN5mongo20DBClientWithCommands9mapreduceERKSsS2_S2_NS_7BSONObjENS0_8MROutputE
FNDA:20,_ZN5mongo20DBClientWithCommands17setRunCommandHookEN5boost8functionIFvPNS_14BSONObjBuilderEEEE
FNDA:116,_ZN5mongo20DBClientWithCommands8isMasterERbPNS_7BSONObjE
FNDA:4,_ZN5mongo12DBClientBase6updateERKSsNS_5QueryENS_7BSONObjEi
FNDA:0,_ZN5mongo12DBClientBase5queryEN5boost8functionIFvRKNS_7BSONObjEEEERKSsNS_5QueryEPS4_i
FNDA:0,_ZN5mongo5Query6minKeyERKNS_7BSONObjE
FNDA:0,_ZN5mongo20DBClientFunConvertorclERNS_27DBClientCursorBatchIteratorE
FNDA:28,_ZN5mongo20DBClientWithCommands11ensureIndexERKSsNS_7BSONObjEbS2_bbii
FNDA:1,_ZN5mongo5Query5whereERKSsNS_7BSONObjE
FNDA:28,_Z41__static_initialization_and_destruction_0ii
FNDA:0,_ZNK5mongo16ConnectionString19sameLogicalEndpointERKS0_
FNDA:146,_ZNK5mongo18DBClientConnection23getSockCreationMicroSecEv
FNDA:0,_ZN5mongo20DBClientWithCommands6existsERKSs
FNDA:0,_ZN5mongo20DBClientWithCommands12getPrevErrorEv
FNDA:80,_ZN5mongo18DBClientConnection8_connectERSs
FNDA:0,_ZNK5mongo5Query9getFilterEv
FNDA:2,_ZN5mongo20DBClientWithCommands20createPasswordDigestERKSsS2_
FNDA:0,_ZN5mongo20DBClientWithCommands22isNotMasterErrorStringERKNS_11BSONElementE
FNDA:0,_ZN5mongo20DBClientWithCommands7reIndexERKSs
FNDA:121,_ZN5mongo18DBClientConnection4callERNS_7MessageES2_bPSs
FNDA:3,_ZN5mongo12DBClientBase6updateERKSsNS_5QueryENS_7BSONObjEbb
FNDA:80,_ZN5mongo20DBClientWithCommands4isOkERKNS_7BSONObjE
FNDA:3,_ZN5mongo20DBClientWithCommands4authERKNS_7BSONObjE
FNDA:0,_ZN5mongo20DBClientWithCommands4authERKSsS2_S2_RSsb
FNDA:32,_ZN5mongo20DBClientWithCommands15resetIndexCacheEv
FNDA:5,_ZN5mongo5QueryC2EPKc
FNDA:125,_ZN5mongo18DBClientConnection12setSoTimeoutEd
FNDA:0,_ZNK5mongo5Query7getHintEv
FNDA:0,_ZN5mongo5Query7explainEv
FNDA:0,_ZNK5mongo5Query9isExplainEv
FNDA:109,_ZN5mongo17DBClientInterface7findOneERKSsRKNS_5QueryEPKNS_7BSONObjEi
FNDA:0,_ZN5mongo20DBClientWithCommands11dropIndexesERKSs
FNDA:27,_ZN5mongo5Query17hasReadPreferenceERKNS_7BSONObjE
FNDA:27,_ZN5mongo5Query8readPrefENS_14ReadPreferenceERKNS_9BSONArrayE
FNDA:117,_ZN5mongo18DBClientConnection13checkResponseEPKciPbPSs
FNDA:1,_ZN5mongo20DBClientWithCommands9_countCmdERKSsRKNS_7BSONObjEiii
FNDA:2,_ZN5mongo20DBClientWithCommands12_authMongoCRERKSsS2_S2_PNS_7BSONObjEb
FNDA:0,_ZN5mongo16ConnectionString12_fillServersESs
FNDA:0,_ZN5mongo11serverAliveERKSs
FNDA:0,_ZN5mongo20DBClientWithCommands19setDbProfilingLevelERKSsNS0_14ProfilingLevelEPNS_7BSONObjE
FNDA:28,_ZN5mongo20DBClientWithCommands12genIndexNameERKNS_7BSONObjE
FNDA:24,_ZN5mongo7nsGetDBERKSs
FNDA:81,_ZN5mongo18DBClientConnection10runCommandERKSsRKNS_7BSONObjERS3_i
FNDA:3,_ZN5mongo12DBClientBase6removeERKSsNS_5QueryEi
FNDA:0,_ZNK5mongo5Query7getSortEv
FNDA:0,_ZN5mongo5Query4sortERKNS_7BSONObjE
FNDA:19,_ZN5mongo20DBClientWithCommands18getLastErrorStringERKNS_7BSONObjE
FNDA:0,_ZN5mongo20DBClientWithCommands4evalERKSsS2_
FNDA:3,_ZN5mongo20DBClientWithCommands4evalERKSsS2_RNS_7BSONObjERNS_11BSONElementEPS3_
FNDA:28,_ZN5mongo5Query11makeComplexEv
FNDA:3,_ZN5mongo20DBClientWithCommands5_authERKNS_7BSONObjE
FNDA:0,_ZN5mongo5QueryC2ERKSs
FNDA:0,_ZN5mongo20DBClientWithCommands10getIndexesERKSs
FNDA:201,_ZN5mongo16ConnectionString11_finishInitEv
FNDA:0,_ZN5mongo18DBClientConnection12sayPiggyBackERNS_7MessageE
FNDA:121,_ZN5mongo12DBClientBase5queryERKSsNS_5QueryEiiPKNS_7BSONObjEii
FNDA:0,_ZN5mongo20DBClientWithCommands9dropIndexERKSsNS_7BSONObjE
FNDA:46,_ZN5mongo16ConnectionString5parseERKSsRSs
FNDA:0,_ZN5mongo12DBClientBase5queryEN5boost8functionIFvRNS_27DBClientCursorBatchIteratorEEEERKSsNS_5QueryEPKNS_7BSONObjEi
FNDA:0,_ZN5mongo20DBClientWithCommands16availableOptionsEv
FNDA:1,_ZN5mongo5Query4hintERKSs
FNDA:6,_ZN5mongo20DBClientWithCommands12getLastErrorERKSsbbii
FNDA:0,_ZN5mongo20DBClientWithCommands9_authX509ERKSsS2_PNS_7BSONObjE
FNDA:0,_ZN5mongo5Query8snapshotEv
FNDA:0,_ZN5mongo20DBClientWithCommands23_lookupAvailableOptionsEv
FNDA:0,_ZN5mongo16ConnectionString12typeToStringENS0_14ConnectionTypeE
FNDA:19,_ZN5mongo20DBClientWithCommands20getLastErrorDetailedERKSsbbii
FNDA:80,_ZN5mongo18DBClientConnection7connectERKNS_11HostAndPortERSs
FNDA:1,_ZN5mongo20DBClientWithCommands18getCollectionNamesERKSs
FNDA:20,_ZN5mongo20DBClientWithCommands21setPostRunCommandHookEN5boost8functionIFvRKNS_7BSONObjERKSsEEE
FNDA:3,_ZN5mongo18DBClientConnection5_authERKNS_7BSONObjE
FNDA:12,_ZN5mongo20DBClientWithCommands13simpleCommandERKSsPNS_7BSONObjES2_
FNDA:0,_ZN5mongo12DBClientBase7getMoreERKSsxii
FNDA:0,_ZN5mongo11hasErrFieldERKNS_7BSONObjE
FNDA:121,_ZN5mongo15assembleRequestERKSsNS_7BSONObjEiiPKS2_iRNS_7MessageE
FNDA:0,_ZN5mongo20DBClientWithCommands19getDbProfilingLevelERKSsRNS0_14ProfilingLevelEPNS_7BSONObjE
FNDA:81,_ZN5mongo20DBClientWithCommands10runCommandERKSsRKNS_7BSONObjERS3_i
FNDA:0,_ZN5mongo18DBClientConnection6logoutERKSsRNS_7BSONObjE
FNDA:0,_ZN5mongo20DBClientWithCommands6logoutERKSsRNS_7BSONObjE
FNDA:0,_ZN5mongo11getErrFieldERKNS_7BSONObjE
FNDA:20,_ZN5mongo18DBClientConnection24setReplSetClientCallbackEPNS_18DBClientReplicaSetE
[...]
FN:195,_ZN5mongo12_GLOBAL__N_112isOnlyDigitsERKNS_10StringDataE
FN:206,_ZN5mongo12_GLOBAL__N_122parseTimeZoneFromTokenERKNS_10StringDataEPi
FN:280,_ZN5mongo12_GLOBAL__N_120parseMillisFromTokenERKNS_10StringDataEPi
FN:320,_ZN5mongo12_GLOBAL__N_117parseTmFromTokensERKNS_10StringDataES3_S3_S3_S3_S3_P2tm
FN:450,_ZN5mongo12_GLOBAL__N_17parseTmERKNS_10StringDataEP2tmPiS6_
FN:544,_ZN5mongo17dateFromISOStringERKNS_10StringDataE
FN:613,_ZN5mongo6Date_t4toTmEP2tm
FN:622,_ZNK5mongo6Date_t8toStringEv
FN:626,_ZNK5mongo6Date_t7toTimeTEv
FN:632,_ZN5mongo17dateToCtimeStringENS_6Date_tE
FN:645,_ZN5mongo11currentDateEv
FN:651,_ZN5mongo13toPointInTimeERKSsPN5boost10posix_time5ptimeE
FN:721,_ZN5mongo9sleepsecsEi
FN:729,_ZN5mongo11sleepmicrosEx
FN:740,_ZN5mongo11sleepmillisEx
FN:745,_ZN5mongo7Backoff15nextSleepMillisEv
FN:764,_ZNK5mongo7Backoff18getNextSleepMillisEiyy
FN:789,_Z41__static_initialization_and_destruction_0ii
FN:792,_ZN5mongo17jsTimeVirtualSkewEx
FN:795,_ZN5mongo20getJSTimeVirtualSkewEv
FN:799,_ZN5mongo23jsTimeVirtualThreadSkewEx
FN:802,_ZN5mongo26getJSTimeVirtualThreadSkewEv
FN:910,_ZN5mongo15curTimeMillis64Ev
FN:915,_ZN5mongo6jsTimeEv
FN:921,_ZN5mongo15curTimeMicros64Ev
FN:926,_ZN5mongo13curTimeMicrosEv
FN:934,_GLOBAL__sub_I_time_support.cpp
FNDA:869,_ZN5mongo12_GLOBAL__N_112getNextTokenERKNS_10StringDataES3_mPm
FNDA:4,_ZN5mongo17dateToCtimeStringENS_6Date_tE
FNDA:272,_ZN5mongo16time_t_to_StructElP2tmb
FNDA:0,_ZN5mongo13curTimeMicrosEv
FNDA:1,_ZN5mongo9sleepsecsEi
FNDA:5,_ZN5mongo11sleepmicrosEx
FNDA:119,_ZN5mongo12_GLOBAL__N_17parseTmERKNS_10StringDataEP2tmPiS6_
FNDA:268,_ZN5mongoL16_dateToISOStringENS_6Date_tEb
FNDA:0,_ZN5mongo6Date_t4toTmEP2tm
FNDA:25,_ZN5mongo6jsTimeEv
FNDA:471,_ZN5mongo12_GLOBAL__N_112isOnlyDigitsERKNS_10StringDataE
FNDA:0,_ZN5mongo16time_t_to_StringEl
FNDA:25,_ZN5mongo20getJSTimeVirtualSkewEv
FNDA:0,_ZN5mongo16terseCurrentTimeEb
FNDA:0,_ZN5mongo7Backoff15nextSleepMillisEv
FNDA:264,_ZN5mongo20dateToISOStringLocalENS_6Date_tE
FNDA:274,_ZNK5mongo6Date_t7toTimeTEv
FNDA:0,_ZN5mongo22time_t_to_String_shortEl
FNDA:521,_ZN5mongo15curTimeMicros64Ev
FNDA:119,_ZN5mongo17dateFromISOStringERKNS_10StringDataE
FNDA:28,_Z41__static_initialization_and_destruction_0ii
FNDA:4,_ZN5mongo15timeToISOStringEl
FNDA:0,_ZN5mongo11currentDateEv
FNDA:44,_ZN5mongo12_GLOBAL__N_122parseTimeZoneFromTokenERKNS_10StringDataEPi
FNDA:0,_ZNK5mongo6Date_t8toStringEv
FNDA:0,_ZN5mongo17jsTimeVirtualSkewEx
FNDA:110,_ZN5mongo12_GLOBAL__N_117parseTmFromTokensERKNS_10StringDataES3_S3_S3_S3_S3_P2tm
FNDA:28,_GLOBAL__sub_I_time_support.cpp
FNDA:4,_ZN5mongo18dateToISOStringUTCENS_6Date_tE
FNDA:25,_ZN5mongo26getJSTimeVirtualThreadSkewEv
FNDA:254,_ZN5mongo15curTimeMillis64Ev
FNDA:0,_ZN5mongo13toPointInTimeERKSsPN5boost10posix_time5ptimeE
FNDA:5,_ZN5mongo11sleepmillisEx
FNDA:30,_ZN5mongo12_GLOBAL__N_120parseMillisFromTokenERKNS_10StringDataEPi
FNDA:0,_ZNK5mongo7Backoff18getNextSleepMillisEiyy
FNDA:0,_ZN5mongo23jsTimeVirtualThreadSkewEx
FNF:36
FNH:24
DA:51,272
DA:58,272
DA:59,264
DA:61,8
DA:63,272
DA:65,0
DA:70,0
DA:72,0
DA:73,0
DA:76,0
DA:81,0
DA:83,0
DA:84,0
DA:85,0
DA:86,0
DA:92,0
DA:94,0
DA:96,0
DA:98,0
DA:99,0
DA:103,4
DA:105,4
DA:107,4
DA:109,4
DA:110,4
DA:113,268
DA:114,268
DA:117,268
DA:118,268
DA:119,268
DA:120,268
DA:121,268
DA:122,268
DA:123,268
DA:124,268
DA:125,268
DA:126,268
DA:127,264
DA:146,264
DA:150,4
DA:151,4
DA:152,4
DA:153,4
DA:155,268
DA:158,4
DA:159,4
DA:162,264
DA:163,264
DA:167,3944
DA:171,869
DA:173,869
DA:174,0
DA:175,0
DA:178,5587
DA:179,6150
DA:190,869
DA:191,869
DA:195,471
DA:197,3260
DA:199,1180
DA:206,85
DA:208,44
DA:210,44
DA:211,82
DA:212,16
DA:214,4
DA:215,6
DA:218,25
DA:219,50
DA:221,14
DA:222,21
DA:227,18
DA:228,18
DA:229,18
DA:230,18
DA:234,18
DA:236,3
DA:237,3
DA:240,17
DA:241,17
DA:242,34
DA:243,17
DA:247,17
DA:249,3
DA:250,3
DA:258,16
DA:259,32
DA:263,16
DA:267,0
DA:268,0
DA:269,0
DA:270,0
DA:274,3
DA:280,30
DA:284,30
DA:286,30
DA:287,26
DA:289,6
DA:290,9
DA:293,23
DA:294,23
DA:300,23
DA:301,23
DA:304,21
DA:305,2
DA:308,23
DA:310,23
DA:312,0
DA:313,0
DA:320,110
DA:329,110
DA:332,110
DA:334,20
DA:335,30
DA:338,100
DA:339,100
DA:343,100
DA:345,3
DA:346,3
DA:349,99
DA:352,99
DA:354,24
DA:355,36
DA:358,174
DA:359,87
DA:363,87
DA:365,6
DA:366,6
DA:369,85
DA:372,85
DA:374,24
DA:375,36
DA:378,146
DA:379,73
DA:383,73
DA:385,6
DA:386,6
DA:390,71
DA:392,24
DA:393,36
DA:396,118
DA:397,59
DA:401,59
DA:403,3
DA:404,3
DA:408,58
DA:410,18
DA:411,27
DA:414,98
DA:415,49
DA:419,49
DA:421,3
DA:422,3
DA:426,48
DA:430,44
DA:432,6
DA:433,9
DA:436,82
DA:437,41
DA:441,41
DA:443,3
DA:444,3
DA:450,360
DA:454,119
DA:455,119
DA:456,119
DA:457,119
DA:458,119
DA:459,119
DA:460,119
DA:461,119
DA:464,119
DA:465,238
DA:466,238
DA:467,238
DA:468,238
DA:472,349
DA:474,95
DA:476,7
DA:477,1
DA:478,3
DA:481,188
DA:484,94
DA:486,8
DA:487,12
DA:493,292
DA:495,77
DA:497,7
DA:498,1
DA:499,3
DA:502,152
DA:505,76
DA:507,6
DA:508,9
DA:513,110
DA:514,144
DA:516,64
DA:517,24
DA:519,70
DA:520,40
DA:524,110
DA:525,110
DA:529,88
DA:530,44
DA:534,60
DA:535,30
DA:544,119
DA:546,119
DA:547,119
DA:548,119
DA:549,119
DA:550,92
DA:553,27
DA:593,27
DA:594,27
DA:595,27
DA:596,27
DA:597,27
DA:598,27
DA:599,27
DA:603,27
DA:606,27
DA:613,0
DA:614,0
DA:618,0
DA:620,0
DA:622,0
DA:623,0
DA:626,274
DA:627,274
DA:628,274
DA:629,274
DA:632,4
DA:633,4
DA:638,4
DA:640,4
DA:641,4
DA:642,4
DA:645,0
DA:646,0
DA:647,0
DA:651,0
DA:652,0
DA:653,0
DA:654,0
DA:659,0
DA:663,0
DA:664,0
DA:665,0
DA:721,1
DA:723,1
DA:724,1
DA:725,1
DA:726,0
DA:728,1
DA:729,5
DA:730,5
DA:731,0
DA:733,5
DA:734,5
DA:736,5
DA:737,0
DA:740,5
DA:741,5
DA:742,5
DA:745,0
DA:748,0
DA:750,0
DA:752,0
DA:753,0
DA:754,0
DA:755,0
DA:757,0
DA:760,0
DA:761,0
DA:762,0
DA:764,0
DA:769,0
DA:772,0
DA:776,0
DA:779,0
DA:782,0
DA:783,0
DA:785,0
DA:789,28
DA:792,0
DA:793,0
DA:794,0
DA:795,25
DA:796,25
DA:799,0
DA:800,0
DA:801,0
DA:802,25
DA:803,25
DA:804,0
DA:910,254
DA:912,254
DA:913,254
DA:915,25
DA:917,25
DA:918,25
DA:919,25
DA:921,521
DA:923,521
DA:924,521
DA:926,0
DA:928,0
DA:929,0
DA:930,0
DA:934,84
LF:311
LH:238
end_of_record
TN:
SF:/home/tbrock/Code/mongo-cxx-driver/src/mongo/util/time_support.h
FNF:0
FNH:0
DA:37,94
DA:38,395
DA:45,298
DA:110,278
LF:4
LH:4
end_of_record
TN:
SF:/home/tbrock/Code/mongo-cxx-driver/src/mongo/util/timer-generic-inl.h
FNF:0
FNH:0
DA:35,236
LF:1
LH:1
end_of_record
TN:
SF:/home/tbrock/Code/mongo-cxx-driver/src/mongo/util/timer.cpp
FN:60,_Z41__static_initialization_and_destruction_0ii
FN:69,_GLOBAL__sub_I_timer.cpp
FNDA:28,_GLOBAL__sub_I_timer.cpp
FNDA:28,_Z41__static_initialization_and_destruction_0ii
FNF:2
FNH:2
DA:60,28
DA:69,84
LF:2
LH:2
end_of_record
TN:
SF:/home/tbrock/Code/mongo-cxx-driver/src/mongo/util/timer.h
FNF:0
FNH:0
DA:43,2
DA:60,236
DA:63,236
LF:3
LH:3
end_of_record
TN:
SF:/home/tbrock/Code/mongo-cxx-driver/src/mongo/util/unordered_fast_key_table.h
FN:48,_ZN5mongo21UnorderedFastKeyTableINS_10StringDataESsN5boost10shared_ptrINS_17ReplicaSetMonitorEEENS1_6HasherENS_21StringMapDefaultEqualENS_25StringMapDefaultConvertorENS_30StringMapDefaultConvertorOtherEE5EntryaSERKSB_
FN:48,_ZN5mongo21UnorderedFastKeyTableINS_10StringDataESsSt3setINS_11HostAndPortESt4lessIS3_ESaIS3_EENS1_6HasherENS_21StringMapDefaultEqualENS_25StringMapDefaultConvertorENS_30StringMapDefaultConvertorOtherEE5EntryaSERKSD_
FN:140,_ZN5mongo21UnorderedFastKeyTableINS_10StringDataESsN5boost10shared_ptrINS_17ReplicaSetMonitorEEENS1_6HasherENS_21StringMapDefaultEqualENS_25StringMapDefaultConvertorENS_30StringMapDefaultConvertorOtherEE14const_iteratorppEv
FN:160,_ZN5mongo21UnorderedFastKeyTableINS_10StringDataESsN5boost10shared_ptrINS_17ReplicaSetMonitorEEENS1_6HasherENS_21StringMapDefaultEqualENS_25StringMapDefaultConvertorENS_30StringMapDefaultConvertorOtherEE14const_iterator5_skipEv
FNDA:1600,_ZN5mongo21UnorderedFastKeyTableINS_10StringDataESsN5boost10shared_ptrINS_17ReplicaSetMonitorEEENS1_6HasherENS_21StringMapDefaultEqualENS_25StringMapDefaultConvertorENS_30StringMapDefaultConvertorOtherEE5EntryaSERKSB_
FNDA:0,_ZN5mongo21UnorderedFastKeyTableINS_10StringDataESsN5boost10shared_ptrINS_17ReplicaSetMonitorEEENS1_6HasherENS_21StringMapDefaultEqualENS_25StringMapDefaultConvertorENS_30StringMapDefaultConvertorOtherEE14const_iterator5_skipEv
FNDA:0,_ZN5mongo21UnorderedFastKeyTableINS_10StringDataESsN5boost10shared_ptrINS_17ReplicaSetMonitorEEENS1_6HasherENS_21StringMapDefaultEqualENS_25StringMapDefaultConvertorENS_30StringMapDefaultConvertorOtherEE14const_iteratorppEv
FNDA:1600,_ZN5mongo21UnorderedFastKeyTableINS_10StringDataESsSt3setINS_11HostAndPortESt4lessIS3_ESaIS3_EENS1_6HasherENS_21StringMapDefaultEqualENS_25StringMapDefaultConvertorENS_30StringMapDefaultConvertorOtherEE5EntryaSERKSD_
FNF:4
FNH:2
DA:41,216
DA:48,13920
DA:50,7520
DA:59,376
DA:69,160
DA:70,160
DA:71,160
DA:94,160
DA:112,28
DA:127,0
DA:128,0
DA:129,0
DA:130,0
DA:138,52
DA:140,0
DA:141,0
DA:142,0
DA:143,0
DA:144,0
DA:145,0
DA:147,0
DA:148,0
DA:160,0
DA:162,0
DA:164,0
DA:165,0
DA:166,0
DA:168,0
DA:170,0
LF:29
LH:10
end_of_record
TN:
SF:/home/tbrock/Code/mongo-cxx-driver/src/mongo/util/unordered_fast_key_table_internal.h
FN:23,_ZN5mongo21UnorderedFastKeyTableINS_10StringDataESsSt3setINS_11HostAndPortESt4lessIS3_ESaIS3_EENS1_6HasherENS_21StringMapDefaultEqualENS_25StringMapDefaultConvertorENS_30StringMapDefaultConvertorOtherEE4AreaC2Ejd
FN:23,_ZN5mongo21UnorderedFastKeyTableINS_10StringDataESsN5boost10shared_ptrINS_17ReplicaSetMonitorEEENS1_6HasherENS_21StringMapDefaultEqualENS_25StringMapDefaultConvertorENS_30StringMapDefaultConvertorOtherEE4AreaC2Ejd
FN:31,_ZN5mongo21UnorderedFastKeyTableINS_10StringDataESsN5boost10shared_ptrINS_17ReplicaSetMonitorEEENS1_6HasherENS_21StringMapDefaultEqualENS_25StringMapDefaultConvertorENS_30StringMapDefaultConvertorOtherEE4AreaC2ERKSB_
FN:31,_ZN5mongo21UnorderedFastKeyTableINS_10StringDataESsSt3setINS_11HostAndPortESt4lessIS3_ESaIS3_EENS1_6HasherENS_21StringMapDefaultEqualENS_25StringMapDefaultConvertorENS_30StringMapDefaultConvertorOtherEE4AreaC2ERKSD_
FN:41,_ZNK5mongo21UnorderedFastKeyTableINS_10StringDataESsSt3setINS_11HostAndPortESt4lessIS3_ESaIS3_EENS1_6HasherENS_21StringMapDefaultEqualENS_25StringMapDefaultConvertorENS_30StringMapDefaultConvertorOtherEE4Area4findERKS1_mPiRKSC_
FN:41,_ZNK5mongo21UnorderedFastKeyTableINS_10StringDataESsN5boost10shared_ptrINS_17ReplicaSetMonitorEEENS1_6HasherENS_21StringMapDefaultEqualENS_25StringMapDefaultConvertorENS_30StringMapDefaultConvertorOtherEE4Area4findERKS1_mPiRKSA_
FN:80,_ZNK5mongo21UnorderedFastKeyTableINS_10StringDataESsSt3setINS_11HostAndPortESt4lessIS3_ESaIS3_EENS1_6HasherENS_21StringMapDefaultEqualENS_25StringMapDefaultConvertorENS_30StringMapDefaultConvertorOtherEE4Area8transferEPSD_RKSC_
FN:80,_ZNK5mongo21UnorderedFastKeyTableINS_10StringDataESsN5boost10shared_ptrINS_17ReplicaSetMonitorEEENS1_6HasherENS_21StringMapDefaultEqualENS_25StringMapDefaultConvertorENS_30StringMapDefaultConvertorOtherEE4Area8transferEPSB_RKSA_
FN:124,_ZNK5mongo21UnorderedFastKeyTableINS_10StringDataESsSt3setINS_11HostAndPortESt4lessIS3_ESaIS3_EENS1_6HasherENS_21StringMapDefaultEqualENS_25StringMapDefaultConvertorENS_30StringMapDefaultConvertorOtherEE6copyToEPSC_
FN:124,_ZNK5mongo21UnorderedFastKeyTableINS_10StringDataESsN5boost10shared_ptrINS_17ReplicaSetMonitorEEENS1_6HasherENS_21StringMapDefaultEqualENS_25StringMapDefaultConvertorENS_30StringMapDefaultConvertorOtherEE6copyToEPSA_
FN:132,_ZN5mongo21UnorderedFastKeyTableINS_10StringDataESsN5boost10shared_ptrINS_17ReplicaSetMonitorEEENS1_6HasherENS_21StringMapDefaultEqualENS_25StringMapDefaultConvertorENS_30StringMapDefaultConvertorOtherEE3getERKS1_
FN:132,_ZN5mongo21UnorderedFastKeyTableINS_10StringDataESsSt3setINS_11HostAndPortESt4lessIS3_ESaIS3_EENS1_6HasherENS_21StringMapDefaultEqualENS_25StringMapDefaultConvertorENS_30StringMapDefaultConvertorOtherEE3getERKS1_
FN:160,_ZN5mongo21UnorderedFastKeyTableINS_10StringDataESsSt3setINS_11HostAndPortESt4lessIS3_ESaIS3_EENS1_6HasherENS_21StringMapDefaultEqualENS_25StringMapDefaultConvertorENS_30StringMapDefaultConvertorOtherEE5eraseERKS1_
FN:174,_ZN5mongo21UnorderedFastKeyTableINS_10StringDataESsN5boost10shared_ptrINS_17ReplicaSetMonitorEEENS1_6HasherENS_21StringMapDefaultEqualENS_25StringMapDefaultConvertorENS_30StringMapDefaultConvertorOtherEE5eraseENSA_14const_iteratorE.isra.145
FN:183,_ZN5mongo21UnorderedFastKeyTableINS_10StringDataESsSt3setINS_11HostAndPortESt4lessIS3_ESaIS3_EENS1_6HasherENS_21StringMapDefaultEqualENS_25StringMapDefaultConvertorENS_30StringMapDefaultConvertorOtherEE5_growEv
FN:183,_ZN5mongo21UnorderedFastKeyTableINS_10StringDataESsN5boost10shared_ptrINS_17ReplicaSetMonitorEEENS1_6HasherENS_21StringMapDefaultEqualENS_25StringMapDefaultConvertorENS_30StringMapDefaultConvertorOtherEE5_growEv
FN:201,_ZNK5mongo21UnorderedFastKeyTableINS_10StringDataESsSt3setINS_11HostAndPortESt4lessIS3_ESaIS3_EENS1_6HasherENS_21StringMapDefaultEqualENS_25StringMapDefaultConvertorENS_30StringMapDefaultConvertorOtherEE4findERKS1_
FN:201,_ZNK5mongo21UnorderedFastKeyTableINS_10StringDataESsN5boost10shared_ptrINS_17ReplicaSetMonitorEEENS1_6HasherENS_21StringMapDefaultEqualENS_25StringMapDefaultConvertorENS_30StringMapDefaultConvertorOtherEE4findERKS1_
FN:218,_ZNK5mongo21UnorderedFastKeyTableINS_10StringDataESsN5boost10shared_ptrINS_17ReplicaSetMonitorEEENS1_6HasherENS_21StringMapDefaultEqualENS_25StringMapDefaultConvertorENS_30StringMapDefaultConvertorOtherEE5beginEv
FNDA:0,_ZN5mongo21UnorderedFastKeyTableINS_10StringDataESsN5boost10shared_ptrINS_17ReplicaSetMonitorEEENS1_6HasherENS_21StringMapDefaultEqualENS_25StringMapDefaultConvertorENS_30StringMapDefaultConvertorOtherEE5_growEv
FNDA:80,_ZNK5mongo21UnorderedFastKeyTableINS_10StringDataESsN5boost10shared_ptrINS_17ReplicaSetMonitorEEENS1_6HasherENS_21StringMapDefaultEqualENS_25StringMapDefaultConvertorENS_30StringMapDefaultConvertorOtherEE4Area4findERKS1_mPiRKSA_
FNDA:80,_ZNK5mongo21UnorderedFastKeyTableINS_10StringDataESsN5boost10shared_ptrINS_17ReplicaSetMonitorEEENS1_6HasherENS_21StringMapDefaultEqualENS_25StringMapDefaultConvertorENS_30StringMapDefaultConvertorOtherEE6copyToEPSA_
FNDA:0,_ZN5mongo21UnorderedFastKeyTableINS_10StringDataESsN5boost10shared_ptrINS_17ReplicaSetMonitorEEENS1_6HasherENS_21StringMapDefaultEqualENS_25StringMapDefaultConvertorENS_30StringMapDefaultConvertorOtherEE5eraseENSA_14const_iteratorE.isra.145
FNDA:108,_ZN5mongo21UnorderedFastKeyTableINS_10StringDataESsSt3setINS_11HostAndPortESt4lessIS3_ESaIS3_EENS1_6HasherENS_21StringMapDefaultEqualENS_25StringMapDefaultConvertorENS_30StringMapDefaultConvertorOtherEE4AreaC2Ejd
FNDA:0,_ZN5mongo21UnorderedFastKeyTableINS_10StringDataESsSt3setINS_11HostAndPortESt4lessIS3_ESaIS3_EENS1_6HasherENS_21StringMapDefaultEqualENS_25StringMapDefaultConvertorENS_30StringMapDefaultConvertorOtherEE5_growEv
FNDA:108,_ZN5mongo21UnorderedFastKeyTableINS_10StringDataESsN5boost10shared_ptrINS_17ReplicaSetMonitorEEENS1_6HasherENS_21StringMapDefaultEqualENS_25StringMapDefaultConvertorENS_30StringMapDefaultConvertorOtherEE4AreaC2Ejd
FNDA:0,_ZN5mongo21UnorderedFastKeyTableINS_10StringDataESsSt3setINS_11HostAndPortESt4lessIS3_ESaIS3_EENS1_6HasherENS_21StringMapDefaultEqualENS_25StringMapDefaultConvertorENS_30StringMapDefaultConvertorOtherEE3getERKS1_
FNDA:52,_ZNK5mongo21UnorderedFastKeyTableINS_10StringDataESsN5boost10shared_ptrINS_17ReplicaSetMonitorEEENS1_6HasherENS_21StringMapDefaultEqualENS_25StringMapDefaultConvertorENS_30StringMapDefaultConvertorOtherEE4findERKS1_
FNDA:0,_ZNK5mongo21UnorderedFastKeyTableINS_10StringDataESsSt3setINS_11HostAndPortESt4lessIS3_ESaIS3_EENS1_6HasherENS_21StringMapDefaultEqualENS_25StringMapDefaultConvertorENS_30StringMapDefaultConvertorOtherEE4Area8transferEPSD_RKSC_
FNDA:0,_ZNK5mongo21UnorderedFastKeyTableINS_10StringDataESsN5boost10shared_ptrINS_17ReplicaSetMonitorEEENS1_6HasherENS_21StringMapDefaultEqualENS_25StringMapDefaultConvertorENS_30StringMapDefaultConvertorOtherEE4Area8transferEPSB_RKSA_
FNDA:0,_ZNK5mongo21UnorderedFastKeyTableINS_10StringDataESsN5boost10shared_ptrINS_17ReplicaSetMonitorEEENS1_6HasherENS_21StringMapDefaultEqualENS_25StringMapDefaultConvertorENS_30StringMapDefaultConvertorOtherEE5beginEv
FNDA:80,_ZN5mongo21UnorderedFastKeyTableINS_10StringDataESsSt3setINS_11HostAndPortESt4lessIS3_ESaIS3_EENS1_6HasherENS_21StringMapDefaultEqualENS_25StringMapDefaultConvertorENS_30StringMapDefaultConvertorOtherEE4AreaC2ERKSD_
FNDA:0,_ZNK5mongo21UnorderedFastKeyTableINS_10StringDataESsSt3setINS_11HostAndPortESt4lessIS3_ESaIS3_EENS1_6HasherENS_21StringMapDefaultEqualENS_25StringMapDefaultConvertorENS_30StringMapDefaultConvertorOtherEE4Area4findERKS1_mPiRKSC_
FNDA:80,_ZN5mongo21UnorderedFastKeyTableINS_10StringDataESsN5boost10shared_ptrINS_17ReplicaSetMonitorEEENS1_6HasherENS_21StringMapDefaultEqualENS_25StringMapDefaultConvertorENS_30StringMapDefaultConvertorOtherEE4AreaC2ERKSB_
FNDA:80,_ZNK5mongo21UnorderedFastKeyTableINS_10StringDataESsSt3setINS_11HostAndPortESt4lessIS3_ESaIS3_EENS1_6HasherENS_21StringMapDefaultEqualENS_25StringMapDefaultConvertorENS_30StringMapDefaultConvertorOtherEE6copyToEPSC_
FNDA:28,_ZN5mongo21UnorderedFastKeyTableINS_10StringDataESsN5boost10shared_ptrINS_17ReplicaSetMonitorEEENS1_6HasherENS_21StringMapDefaultEqualENS_25StringMapDefaultConvertorENS_30StringMapDefaultConvertorOtherEE3getERKS1_
FNDA:0,_ZNK5mongo21UnorderedFastKeyTableINS_10StringDataESsSt3setINS_11HostAndPortESt4lessIS3_ESaIS3_EENS1_6HasherENS_21StringMapDefaultEqualENS_25StringMapDefaultConvertorENS_30StringMapDefaultConvertorOtherEE4findERKS1_
FNDA:0,_ZN5mongo21UnorderedFastKeyTableINS_10StringDataESsSt3setINS_11HostAndPortESt4lessIS3_ESaIS3_EENS1_6HasherENS_21StringMapDefaultEqualENS_25StringMapDefaultConvertorENS_30StringMapDefaultConvertorOtherEE5eraseERKS1_
FNF:19
FNH:9
DA:23,216
DA:27,4536
DA:28,216
DA:31,160
DA:34,3360
DA:35,3360
DA:36,3200
DA:38,160
DA:41,80
DA:46,80
DA:47,28
DA:49,0
DA:50,80
DA:52,80
DA:54,28
DA:55,28
DA:56,28
DA:61,52
DA:66,156
DA:74,52
DA:80,0
DA:83,0
DA:84,0
DA:85,0
DA:87,0
DA:89,0
DA:91,0
DA:93,0
DA:94,0
DA:95,0
DA:98,0
DA:107,216
DA:108,216
DA:124,160
DA:125,160
DA:126,160
DA:127,160
DA:128,160
DA:129,160
DA:132,28
DA:134,28
DA:136,56
DA:137,28
DA:138,28
DA:139,28
DA:140,28
DA:144,28
DA:145,28
DA:146,28
DA:147,28
DA:148,28
DA:149,84
DA:150,28
DA:154,0
DA:156,0
DA:160,0
DA:162,0
DA:163,0
DA:165,0
DA:168,0
DA:169,0
DA:170,0
DA:174,0
DA:178,0
DA:179,0
DA:180,0
DA:183,0
DA:184,0
DA:185,0
DA:186,0
DA:187,0
DA:188,0
DA:189,0
DA:192,0
DA:193,0
DA:195,0
DA:201,52
DA:202,52
DA:203,0
DA:204,52
DA:205,52
DA:206,0
DA:207,52
DA:218,0
DA:219,0
LF:85
LH:46
end_of_record
TN:
SF:/home/tbrock/Code/mongo-cxx-driver/src/mongo/util/util.cpp
FN:35,_ZN5mongo7hexdumpEPKcj
FN:47,_ZN5mongo7isPrimeEi
FN:59,_ZN5mongo9nextPrimeEi
FN:66,_ZN5mongolsERSoRKNS_16ThreadSafeStringE
FN:73,_Z41__static_initialization_and_destruction_0ii
FN:73,_GLOBAL__sub_I_util.cpp
FNDA:0,_ZN5mongo7hexdumpEPKcj
FNDA:0,_ZN5mongolsERSoRKNS_16ThreadSafeStringE
FNDA:0,_ZN5mongo9nextPrimeEi
FNDA:28,_Z41__static_initialization_and_destruction_0ii
FNDA:28,_GLOBAL__sub_I_util.cpp
FNDA:0,_ZN5mongo7isPrimeEi
FNF:6
FNH:2
DA:35,0
DA:36,0
DA:37,0
DA:38,0
DA:39,0
DA:40,0
DA:41,0
DA:44,0
DA:47,0
DA:48,0
DA:50,0
DA:52,0
DA:54,0
DA:56,0
DA:59,0
DA:60,0
DA:61,0
DA:62,0
DA:63,0
DA:66,0
DA:67,0
DA:68,0
DA:73,84
LF:23
LH:1
end_of_record
TN:
SF:/home/tbrock/Code/mongo-cxx-driver/src/mongo/util/version.cpp
FN:41,_ZN5mongo14toVersionArrayEPKc
FN:79,_ZN5mongo18isSameMajorVersionEPKc
FN:96,_Z41__static_initialization_and_destruction_0ii
FN:98,_ZN5mongo13mongodVersionEv
FN:133,_GLOBAL__sub_I_version.cpp
FNDA:28,_Z41__static_initialization_and_destruction_0ii
FNDA:28,_GLOBAL__sub_I_version.cpp
FNDA:28,_ZN5mongo14toVersionArrayEPKc
FNDA:0,_ZN5mongo13mongodVersionEv
FNDA:0,_ZN5mongo18isSameMajorVersionEPKc
FNF:5
FNH:3
DA:41,28
DA:45,28
DA:46,28
DA:47,252
DA:48,280
DA:49,168
DA:50,168
DA:54,224
DA:55,84
DA:57,28
DA:58,0
DA:59,28
DA:61,84
DA:62,28
DA:63,168
DA:64,28
DA:65,28
DA:67,0
DA:75,28
DA:76,56
DA:79,0
DA:81,0
DA:88,0
DA:89,0
DA:90,0
DA:93,0
DA:96,28
DA:98,0
DA:99,0
DA:100,0
DA:101,0
DA:133,84
LF:32
LH:20
end_of_record
